{"numFailedTestSuites":0,"numFailedTests":0,"numPassedTestSuites":19,"numPassedTests":112,"numPendingTestSuites":0,"numPendingTests":0,"numRuntimeErrorTestSuites":0,"numTodoTests":0,"numTotalTestSuites":19,"numTotalTests":112,"openHandles":[],"snapshot":{"added":0,"didUpdate":false,"failure":false,"filesAdded":0,"filesRemoved":0,"filesRemovedList":[],"filesUnmatched":0,"filesUpdated":0,"matched":0,"total":0,"unchecked":0,"uncheckedKeysByFile":[],"unmatched":0,"updated":0},"startTime":1786885007000,"success":true,"testResults":[{"assertionResults":[{"ancestorTitles":["POST /quickbooks/sync-batch"],"duration":83,"failing":false,"failureDetails":[],"failureMessages":[],"fullName":"POST /quickbooks/sync-batch returns SYNCED status for a valid BILL item","invocations":1,"location":null,"numPassingAsserts":5,"retryReasons":[],"startAt":1786885019260,"status":"passed","title":"returns SYNCED status for a valid BILL item"},{"ancestorTitles":["POST /quickbooks/sync-batch"],"duration":223,"failing":false,"failureDetails":[],"failureMessages":[],"fullName":"POST /quickbooks/sync-batch syncs multiple items and returns results for each","invocations":1,"location":null,"numPassingAsserts":5,"retryReasons":[],"startAt":1786885019344,"status":"passed","title":"syncs multiple items and returns results for each"},{"ancestorTitles":["POST /quickbooks/sync-batch"],"duration":10,"failing":false,"failureDetails":[],"failureMessages":[],"fullName":"POST /quickbooks/sync-batch passes the correct userId to callQB","invocations":1,"location":null,"numPassingAsserts":1,"retryReasons":[],"startAt":1786885019567,"status":"passed","title":"passes the correct userId to callQB"},{"ancestorTitles":["POST /quickbooks/sync-batch"],"duration":12,"failing":false,"failureDetails":[],"failureMessages":[],"fullName":"POST /quickbooks/sync-batch passes memo and privateNote to qbService.createBill","invocations":1,"location":null,"numPassingAsserts":1,"retryReasons":[],"startAt":1786885019577,"status":"passed","title":"passes memo and privateNote to qbService.createBill"},{"ancestorTitles":["POST /quickbooks/sync-batch"],"duration":24,"failing":false,"failureDetails":[],"failureMessages":[],"fullName":"POST /quickbooks/sync-batch returns 400 when items is an empty array","invocations":1,"location":null,"numPassingAsserts":1,"retryReasons":[],"startAt":1786885019589,"status":"passed","title":"returns 400 when items is an empty array"},{"ancestorTitles":["POST /quickbooks/sync-batch"],"duration":9,"failing":false,"failureDetails":[],"failureMessages":[],"fullName":"POST /quickbooks/sync-batch returns FAILED status for an unsupported item type","invocations":1,"location":null,"numPassingAsserts":3,"retryReasons":[],"startAt":1786885019614,"status":"passed","title":"returns FAILED status for an unsupported item type"},{"ancestorTitles":["POST /quickbooks/sync-batch"],"duration":10,"failing":false,"failureDetails":[],"failureMessages":[],"fullName":"POST /quickbooks/sync-batch returns FAILED for non-admin user syncing non-APPROVED scan","invocations":1,"location":null,"numPassingAsserts":3,"retryReasons":[],"startAt":1786885019624,"status":"passed","title":"returns FAILED for non-admin user syncing non-APPROVED scan"}],"endTime":1786885019637,"message":"","name":"C:\\Users\\HomePC\\Desktop\\Qyra\\Backend\\tests\\sync-batch.test.ts","startTime":1786885007359,"status":"passed","summary":""},{"assertionResults":[{"ancestorTitles":["POST /quickbooks/retry/:scanRecordId"],"duration":20,"failing":false,"failureDetails":[],"failureMessages":[],"fullName":"POST /quickbooks/retry/:scanRecordId retries a failed bill sync and returns success","invocations":1,"location":null,"numPassingAsserts":5,"retryReasons":[],"startAt":1786885021058,"status":"passed","title":"retries a failed bill sync and returns success"},{"ancestorTitles":["POST /quickbooks/retry/:scanRecordId"],"duration":14,"failing":false,"failureDetails":[],"failureMessages":[],"fullName":"POST /quickbooks/retry/:scanRecordId returns 409 when the scan is not failed","invocations":1,"location":null,"numPassingAsserts":2,"retryReasons":[],"startAt":1786885021078,"status":"passed","title":"returns 409 when the scan is not failed"}],"endTime":1786885021093,"message":"","name":"C:\\Users\\HomePC\\Desktop\\Qyra\\Backend\\tests\\quickbooks-retry.test.ts","startTime":1786885019652,"status":"passed","summary":""},{"assertionResults":[{"ancestorTitles":["Cheque fixed-column Excel parser"],"duration":133,"failing":false,"failureDetails":[],"failureMessages":[],"fullName":"Cheque fixed-column Excel parser parses a valid 3-row cheque Excel file into 3 transactions","invocations":1,"location":null,"numPassingAsserts":9,"retryReasons":[],"startAt":1786885024962,"status":"passed","title":"parses a valid 3-row cheque Excel file into 3 transactions"},{"ancestorTitles":["Cheque fixed-column Excel parser"],"duration":58,"failing":false,"failureDetails":[],"failureMessages":[],"fullName":"Cheque fixed-column Excel parser returns 400 when the row count is not exactly 11 columns","invocations":1,"location":null,"numPassingAsserts":2,"retryReasons":[],"startAt":1786885025096,"status":"passed","title":"returns 400 when the row count is not exactly 11 columns"},{"ancestorTitles":["Cheque fixed-column Excel parser"],"duration":29,"failing":false,"failureDetails":[],"failureMessages":[],"fullName":"Cheque fixed-column Excel parser returns 400 when headers do not match expected names","invocations":1,"location":null,"numPassingAsserts":4,"retryReasons":[],"startAt":1786885025155,"status":"passed","title":"returns 400 when headers do not match expected names"},{"ancestorTitles":["Cheque fixed-column Excel parser"],"duration":27,"failing":false,"failureDetails":[],"failureMessages":[],"fullName":"Cheque fixed-column Excel parser returns 400 when only the header row is present","invocations":1,"location":null,"numPassingAsserts":2,"retryReasons":[],"startAt":1786885025184,"status":"passed","title":"returns 400 when only the header row is present"},{"ancestorTitles":["Cheque fixed-column Excel parser"],"duration":27,"failing":false,"failureDetails":[],"failureMessages":[],"fullName":"Cheque fixed-column Excel parser skips invalid amount rows and returns skippedRows count","invocations":1,"location":null,"numPassingAsserts":4,"retryReasons":[],"startAt":1786885025211,"status":"passed","title":"skips invalid amount rows and returns skippedRows count"},{"ancestorTitles":["Cheque fixed-column Excel parser"],"duration":24,"failing":false,"failureDetails":[],"failureMessages":[],"fullName":"Cheque fixed-column Excel parser accepts headers case-insensitively","invocations":1,"location":null,"numPassingAsserts":2,"retryReasons":[],"startAt":1786885025238,"status":"passed","title":"accepts headers case-insensitively"},{"ancestorTitles":["Bill fixed-column Excel parser"],"duration":26,"failing":false,"failureDetails":[],"failureMessages":[],"fullName":"Bill fixed-column Excel parser parses a valid bill Excel file into a bill transaction","invocations":1,"location":null,"numPassingAsserts":16,"retryReasons":[],"startAt":1786885025262,"status":"passed","title":"parses a valid bill Excel file into a bill transaction"},{"ancestorTitles":["Bill fixed-column Excel parser"],"duration":29,"failing":false,"failureDetails":[],"failureMessages":[],"fullName":"Bill fixed-column Excel parser parses bill headers case-insensitively and recognizes Bill Number","invocations":1,"location":null,"numPassingAsserts":3,"retryReasons":[],"startAt":1786885025288,"status":"passed","title":"parses bill headers case-insensitively and recognizes Bill Number"}],"endTime":1786885025318,"message":"","name":"C:\\Users\\HomePC\\Desktop\\Qyra\\Backend\\tests\\cheque-parser.test.ts","startTime":1786885021102,"status":"passed","summary":""},{"assertionResults":[{"ancestorTitles":["Invite flow"],"duration":25,"failing":false,"failureDetails":[],"failureMessages":[],"fullName":"Invite flow creates an owner invite with a storage limit","invocations":1,"location":null,"numPassingAsserts":3,"retryReasons":[],"startAt":1786885026507,"status":"passed","title":"creates an owner invite with a storage limit"},{"ancestorTitles":["Invite flow"],"duration":9,"failing":false,"failureDetails":[],"failureMessages":[],"fullName":"Invite flow creates an owner invite without a storage limit","invocations":1,"location":null,"numPassingAsserts":3,"retryReasons":[],"startAt":1786885026532,"status":"passed","title":"creates an owner invite without a storage limit"},{"ancestorTitles":["Invite flow"],"duration":35,"failing":false,"failureDetails":[],"failureMessages":[],"fullName":"Invite flow rejects owner invite creation when roleHint is not ADMIN","invocations":1,"location":null,"numPassingAsserts":3,"retryReasons":[],"startAt":1786885026542,"status":"passed","title":"rejects owner invite creation when roleHint is not ADMIN"},{"ancestorTitles":["Invite flow"],"duration":10,"failing":false,"failureDetails":[],"failureMessages":[],"fullName":"Invite flow creates an admin invite with pool allocations for scans and locations","invocations":1,"location":null,"numPassingAsserts":3,"retryReasons":[],"startAt":1786885026577,"status":"passed","title":"creates an admin invite with pool allocations for scans and locations"},{"ancestorTitles":["Invite flow"],"duration":9,"failing":false,"failureDetails":[],"failureMessages":[],"fullName":"Invite flow rejects invite creation when admin pool does not have enough scan capacity","invocations":1,"location":null,"numPassingAsserts":3,"retryReasons":[],"startAt":1786885026587,"status":"passed","title":"rejects invite creation when admin pool does not have enough scan capacity"},{"ancestorTitles":["Invite flow"],"duration":367,"failing":false,"failureDetails":[],"failureMessages":[],"fullName":"Invite flow copies storage limit from invite into created user","invocations":1,"location":null,"numPassingAsserts":2,"retryReasons":[],"startAt":1786885026596,"status":"passed","title":"copies storage limit from invite into created user"},{"ancestorTitles":["Invite flow"],"duration":332,"failing":false,"failureDetails":[],"failureMessages":[],"fullName":"Invite flow copies null storage limit from invite into created user","invocations":1,"location":null,"numPassingAsserts":2,"retryReasons":[],"startAt":1786885026964,"status":"passed","title":"copies null storage limit from invite into created user"}],"endTime":1786885027297,"message":"","name":"C:\\Users\\HomePC\\Desktop\\Qyra\\Backend\\tests\\invite.test.ts","startTime":1786885025328,"status":"passed","summary":""},{"assertionResults":[{"ancestorTitles":["DELETE /api/owner/users/:id"],"duration":12,"failing":false,"failureDetails":[],"failureMessages":[],"fullName":"DELETE /api/owner/users/:id deletes an admin user and cascades related data","invocations":1,"location":null,"numPassingAsserts":8,"retryReasons":[],"startAt":1786885027614,"status":"passed","title":"deletes an admin user and cascades related data"},{"ancestorTitles":["DELETE /api/owner/users/:id"],"duration":75,"failing":false,"failureDetails":[],"failureMessages":[],"fullName":"DELETE /api/owner/users/:id blocks self-deletion","invocations":1,"location":null,"numPassingAsserts":2,"retryReasons":[],"startAt":1786885027627,"status":"passed","title":"blocks self-deletion"},{"ancestorTitles":["DELETE /api/owner/users/:id"],"duration":9,"failing":false,"failureDetails":[],"failureMessages":[],"fullName":"DELETE /api/owner/users/:id blocks deleting another owner account","invocations":1,"location":null,"numPassingAsserts":2,"retryReasons":[],"startAt":1786885027702,"status":"passed","title":"blocks deleting another owner account"},{"ancestorTitles":["DELETE /api/owner/users/:id"],"duration":8,"failing":false,"failureDetails":[],"failureMessages":[],"fullName":"DELETE /api/owner/users/:id returns 404 when user not found","invocations":1,"location":null,"numPassingAsserts":2,"retryReasons":[],"startAt":1786885027711,"status":"passed","title":"returns 404 when user not found"},{"ancestorTitles":["DELETE /api/owner/users/:id"],"duration":8,"failing":false,"failureDetails":[],"failureMessages":[],"fullName":"DELETE /api/owner/users/:id deletes storage attachments using Promise.allSettled","invocations":1,"location":null,"numPassingAsserts":7,"retryReasons":[],"startAt":1786885027720,"status":"passed","title":"deletes storage attachments using Promise.allSettled"},{"ancestorTitles":["DELETE /api/owner/users/:id","GET /api/owner/users/:id/usage"],"duration":8,"failing":false,"failureDetails":[],"failureMessages":[],"fullName":"DELETE /api/owner/users/:id GET /api/owner/users/:id/usage returns usage totals for a user with attachments","invocations":1,"location":null,"numPassingAsserts":2,"retryReasons":[],"startAt":1786885027728,"status":"passed","title":"returns usage totals for a user with attachments"},{"ancestorTitles":["DELETE /api/owner/users/:id","GET /api/owner/users/:id/usage"],"duration":6,"failing":false,"failureDetails":[],"failureMessages":[],"fullName":"DELETE /api/owner/users/:id GET /api/owner/users/:id/usage returns zero usage when there are no locations","invocations":1,"location":null,"numPassingAsserts":2,"retryReasons":[],"startAt":1786885027737,"status":"passed","title":"returns zero usage when there are no locations"},{"ancestorTitles":["DELETE /api/owner/users/:id","GET /api/owner/users/:id/usage"],"duration":8,"failing":false,"failureDetails":[],"failureMessages":[],"fullName":"DELETE /api/owner/users/:id GET /api/owner/users/:id/usage returns 404 for nonexistent user","invocations":1,"location":null,"numPassingAsserts":2,"retryReasons":[],"startAt":1786885027743,"status":"passed","title":"returns 404 for nonexistent user"},{"ancestorTitles":["DELETE /api/owner/users/:id","PUT /api/owner/users/:id/storage-limit"],"duration":14,"failing":false,"failureDetails":[],"failureMessages":[],"fullName":"DELETE /api/owner/users/:id PUT /api/owner/users/:id/storage-limit sets a storage limit on an admin user","invocations":1,"location":null,"numPassingAsserts":3,"retryReasons":[],"startAt":1786885027752,"status":"passed","title":"sets a storage limit on an admin user"},{"ancestorTitles":["DELETE /api/owner/users/:id","PUT /api/owner/users/:id/storage-limit"],"duration":7,"failing":false,"failureDetails":[],"failureMessages":[],"fullName":"DELETE /api/owner/users/:id PUT /api/owner/users/:id/storage-limit clears the storage limit when set to null","invocations":1,"location":null,"numPassingAsserts":3,"retryReasons":[],"startAt":1786885027766,"status":"passed","title":"clears the storage limit when set to null"},{"ancestorTitles":["DELETE /api/owner/users/:id","PUT /api/owner/users/:id/storage-limit"],"duration":8,"failing":false,"failureDetails":[],"failureMessages":[],"fullName":"DELETE /api/owner/users/:id PUT /api/owner/users/:id/storage-limit returns 404 when the user is not found","invocations":1,"location":null,"numPassingAsserts":2,"retryReasons":[],"startAt":1786885027773,"status":"passed","title":"returns 404 when the user is not found"},{"ancestorTitles":["DELETE /api/owner/users/:id","PUT /api/owner/users/:id/storage-limit"],"duration":7,"failing":false,"failureDetails":[],"failureMessages":[],"fullName":"DELETE /api/owner/users/:id PUT /api/owner/users/:id/storage-limit rejects storage limit updates for an owner account","invocations":1,"location":null,"numPassingAsserts":2,"retryReasons":[],"startAt":1786885027781,"status":"passed","title":"rejects storage limit updates for an owner account"},{"ancestorTitles":["DELETE /api/owner/users/:id","PUT /api/owner/users/:id/storage-limit"],"duration":8,"failing":false,"failureDetails":[],"failureMessages":[],"fullName":"DELETE /api/owner/users/:id PUT /api/owner/users/:id/storage-limit rejects invalid storage limit values","invocations":1,"location":null,"numPassingAsserts":2,"retryReasons":[],"startAt":1786885027788,"status":"passed","title":"rejects invalid storage limit values"}],"endTime":1786885027797,"message":"","name":"C:\\Users\\HomePC\\Desktop\\Qyra\\Backend\\tests\\owner.test.ts","startTime":1786885027306,"status":"passed","summary":""},{"assertionResults":[{"ancestorTitles":["Value mappings K-1"],"duration":18,"failing":false,"failureDetails":[],"failureMessages":[],"fullName":"Value mappings K-1 creates a mapping with sourceField payee","invocations":1,"location":null,"numPassingAsserts":2,"retryReasons":[],"startAt":1786885028026,"status":"passed","title":"creates a mapping with sourceField payee"},{"ancestorTitles":["Value mappings K-1"],"duration":7,"failing":false,"failureDetails":[],"failureMessages":[],"fullName":"Value mappings K-1 normalizes empty string sourceField to null on create","invocations":1,"location":null,"numPassingAsserts":3,"retryReasons":[],"startAt":1786885028045,"status":"passed","title":"normalizes empty string sourceField to null on create"},{"ancestorTitles":["Value mappings K-1"],"duration":21,"failing":false,"failureDetails":[],"failureMessages":[],"fullName":"Value mappings K-1 returns 409 when a duplicate create exists with the same sourceField","invocations":1,"location":null,"numPassingAsserts":2,"retryReasons":[],"startAt":1786885028053,"status":"passed","title":"returns 409 when a duplicate create exists with the same sourceField"},{"ancestorTitles":["Value mappings K-1"],"duration":31,"failing":false,"failureDetails":[],"failureMessages":[],"fullName":"Value mappings K-1 returns 400 when POST sourceField is numeric","invocations":1,"location":null,"numPassingAsserts":2,"retryReasons":[],"startAt":1786885028074,"status":"passed","title":"returns 400 when POST sourceField is numeric"},{"ancestorTitles":["Value mappings K-1"],"duration":9,"failing":false,"failureDetails":[],"failureMessages":[],"fullName":"Value mappings K-1 creates a mapping with explicit null sourceField","invocations":1,"location":null,"numPassingAsserts":2,"retryReasons":[],"startAt":1786885028105,"status":"passed","title":"creates a mapping with explicit null sourceField"},{"ancestorTitles":["Value mappings K-1"],"duration":14,"failing":false,"failureDetails":[],"failureMessages":[],"fullName":"Value mappings K-1 allows mappings with same other keys but different sourceField","invocations":1,"location":null,"numPassingAsserts":2,"retryReasons":[],"startAt":1786885028114,"status":"passed","title":"allows mappings with same other keys but different sourceField"},{"ancestorTitles":["Value mappings K-1"],"duration":8,"failing":false,"failureDetails":[],"failureMessages":[],"fullName":"Value mappings K-1 updates sourceField on PUT","invocations":1,"location":null,"numPassingAsserts":2,"retryReasons":[],"startAt":1786885028128,"status":"passed","title":"updates sourceField on PUT"},{"ancestorTitles":["Value mappings K-1"],"duration":8,"failing":false,"failureDetails":[],"failureMessages":[],"fullName":"Value mappings K-1 keeps sourceField unchanged when omitted on PUT","invocations":1,"location":null,"numPassingAsserts":4,"retryReasons":[],"startAt":1786885028136,"status":"passed","title":"keeps sourceField unchanged when omitted on PUT"},{"ancestorTitles":["Value mappings K-1"],"duration":8,"failing":false,"failureDetails":[],"failureMessages":[],"fullName":"Value mappings K-1 clears sourceField to null on PUT","invocations":1,"location":null,"numPassingAsserts":3,"retryReasons":[],"startAt":1786885028144,"status":"passed","title":"clears sourceField to null on PUT"},{"ancestorTitles":["Value mappings K-1"],"duration":8,"failing":false,"failureDetails":[],"failureMessages":[],"fullName":"Value mappings K-1 does not return 409 when updating self with same values","invocations":1,"location":null,"numPassingAsserts":2,"retryReasons":[],"startAt":1786885028152,"status":"passed","title":"does not return 409 when updating self with same values"},{"ancestorTitles":["Value mappings K-1"],"duration":8,"failing":false,"failureDetails":[],"failureMessages":[],"fullName":"Value mappings K-1 returns 409 when a PUT update conflicts with another mapping","invocations":1,"location":null,"numPassingAsserts":2,"retryReasons":[],"startAt":1786885028160,"status":"passed","title":"returns 409 when a PUT update conflicts with another mapping"},{"ancestorTitles":["Value mappings K-1"],"duration":9,"failing":false,"failureDetails":[],"failureMessages":[],"fullName":"Value mappings K-1 returns 400 when PUT sourceField is object","invocations":1,"location":null,"numPassingAsserts":2,"retryReasons":[],"startAt":1786885028168,"status":"passed","title":"returns 400 when PUT sourceField is object"},{"ancestorTitles":["Value mappings K-1"],"duration":9,"failing":false,"failureDetails":[],"failureMessages":[],"fullName":"Value mappings K-1 returns sourceField in GET list response","invocations":1,"location":null,"numPassingAsserts":2,"retryReasons":[],"startAt":1786885028177,"status":"passed","title":"returns sourceField in GET list response"},{"ancestorTitles":["Value mappings K-1"],"duration":8,"failing":false,"failureDetails":[],"failureMessages":[],"fullName":"Value mappings K-1 returns updatedAt in GET list response","invocations":1,"location":null,"numPassingAsserts":2,"retryReasons":[],"startAt":1786885028186,"status":"passed","title":"returns updatedAt in GET list response"}],"endTime":1786885028196,"message":"","name":"C:\\Users\\HomePC\\Desktop\\Qyra\\Backend\\tests\\value-mappings-k1.test.ts","startTime":1786885027804,"status":"passed","summary":""},{"assertionResults":[{"ancestorTitles":["Analytics dashboard API"],"duration":14,"failing":false,"failureDetails":[],"failureMessages":[],"fullName":"Analytics dashboard API GET /api/analytics/dashboard returns 200 with correct shape","invocations":1,"location":null,"numPassingAsserts":6,"retryReasons":[],"startAt":1786885028484,"status":"passed","title":"GET /api/analytics/dashboard returns 200 with correct shape"},{"ancestorTitles":["Analytics dashboard API"],"duration":8,"failing":false,"failureDetails":[],"failureMessages":[],"fullName":"Analytics dashboard API GET /api/analytics/dashboard with dateFrom/dateTo returns 200","invocations":1,"location":null,"numPassingAsserts":5,"retryReasons":[],"startAt":1786885028498,"status":"passed","title":"GET /api/analytics/dashboard with dateFrom/dateTo returns 200"},{"ancestorTitles":["Analytics dashboard API"],"duration":8,"failing":false,"failureDetails":[],"failureMessages":[],"fullName":"Analytics dashboard API GET /api/analytics/dashboard rejects invalid query dates with validation error","invocations":1,"location":null,"numPassingAsserts":2,"retryReasons":[],"startAt":1786885028506,"status":"passed","title":"GET /api/analytics/dashboard rejects invalid query dates with validation error"}],"endTime":1786885028515,"message":"","name":"C:\\Users\\HomePC\\Desktop\\Qyra\\Backend\\tests\\analytics.test.ts","startTime":1786885028204,"status":"passed","summary":""},{"assertionResults":[{"ancestorTitles":["Notification preferences API"],"duration":32,"failing":false,"failureDetails":[],"failureMessages":[],"fullName":"Notification preferences API returns default preferences when none exist","invocations":1,"location":null,"numPassingAsserts":3,"retryReasons":[],"startAt":1786885028826,"status":"passed","title":"returns default preferences when none exist"},{"ancestorTitles":["Notification preferences API"],"duration":21,"failing":false,"failureDetails":[],"failureMessages":[],"fullName":"Notification preferences API updates notification preferences partially","invocations":1,"location":null,"numPassingAsserts":3,"retryReasons":[],"startAt":1786885028859,"status":"passed","title":"updates notification preferences partially"}],"endTime":1786885028881,"message":"","name":"C:\\Users\\HomePC\\Desktop\\Qyra\\Backend\\tests\\notification-preferences.test.ts","startTime":1786885028523,"status":"passed","summary":""},{"assertionResults":[{"ancestorTitles":["Input validation (O-5)"],"duration":30,"failing":false,"failureDetails":[],"failureMessages":[],"fullName":"Input validation (O-5) rejects invalid notification preferences with 400","invocations":1,"location":null,"numPassingAsserts":3,"retryReasons":[],"startAt":1786885029675,"status":"passed","title":"rejects invalid notification preferences with 400"},{"ancestorTitles":["Input validation (O-5)"],"duration":11,"failing":false,"failureDetails":[],"failureMessages":[],"fullName":"Input validation (O-5) rejects payee mapping creation without rawName with 400","invocations":1,"location":null,"numPassingAsserts":2,"retryReasons":[],"startAt":1786885029705,"status":"passed","title":"rejects payee mapping creation without rawName with 400"},{"ancestorTitles":["Input validation (O-5)"],"duration":12,"failing":false,"failureDetails":[],"failureMessages":[],"fullName":"Input validation (O-5) rejects rule creation with invalid triggerType with 400","invocations":1,"location":null,"numPassingAsserts":2,"retryReasons":[],"startAt":1786885029716,"status":"passed","title":"rejects rule creation with invalid triggerType with 400"}],"endTime":1786885029729,"message":"","name":"C:\\Users\\HomePC\\Desktop\\Qyra\\Backend\\tests\\input-validation.test.ts","startTime":1786885028901,"status":"passed","summary":""},{"assertionResults":[{"ancestorTitles":["Export API"],"duration":15,"failing":false,"failureDetails":[],"failureMessages":[],"fullName":"Export API GET /api/exports/scans returns 200 with CSV content-type and attachment header","invocations":1,"location":null,"numPassingAsserts":4,"retryReasons":[],"startAt":1786885029978,"status":"passed","title":"GET /api/exports/scans returns 200 with CSV content-type and attachment header"},{"ancestorTitles":["Export API"],"duration":12,"failing":false,"failureDetails":[],"failureMessages":[],"fullName":"Export API GET /api/exports/sync-logs returns 200 with CSV content-type","invocations":1,"location":null,"numPassingAsserts":4,"retryReasons":[],"startAt":1786885029993,"status":"passed","title":"GET /api/exports/sync-logs returns 200 with CSV content-type"},{"ancestorTitles":["Export API"],"duration":10,"failing":false,"failureDetails":[],"failureMessages":[],"fullName":"Export API GET /api/exports/audit-logs returns 200 with CSV content-type","invocations":1,"location":null,"numPassingAsserts":4,"retryReasons":[],"startAt":1786885030005,"status":"passed","title":"GET /api/exports/audit-logs returns 200 with CSV content-type"}],"endTime":1786885030016,"message":"","name":"C:\\Users\\HomePC\\Desktop\\Qyra\\Backend\\tests\\exports.test.ts","startTime":1786885029743,"status":"passed","summary":""},{"assertionResults":[{"ancestorTitles":["capacity middleware"],"duration":36,"failing":false,"failureDetails":[],"failureMessages":[],"fullName":"capacity middleware allows free/trial teams to bypass capacity checks","invocations":1,"location":null,"numPassingAsserts":0,"retryReasons":[],"startAt":1786885030306,"status":"passed","title":"allows free/trial teams to bypass capacity checks"},{"ancestorTitles":["capacity middleware"],"duration":10,"failing":false,"failureDetails":[],"failureMessages":[],"fullName":"capacity middleware allows partner-managed teams to bypass capacity checks","invocations":1,"location":null,"numPassingAsserts":0,"retryReasons":[],"startAt":1786885030343,"status":"passed","title":"allows partner-managed teams to bypass capacity checks"},{"ancestorTitles":["capacity middleware"],"duration":8,"failing":false,"failureDetails":[],"failureMessages":[],"fullName":"capacity middleware allows stripe teams without a configured plan to bypass limits","invocations":1,"location":null,"numPassingAsserts":0,"retryReasons":[],"startAt":1786885030354,"status":"passed","title":"allows stripe teams without a configured plan to bypass limits"},{"ancestorTitles":["capacity middleware"],"duration":9,"failing":false,"failureDetails":[],"failureMessages":[],"fullName":"capacity middleware blocks user creation when a stripe solo team is at max users","invocations":1,"location":null,"numPassingAsserts":1,"retryReasons":[],"startAt":1786885030362,"status":"passed","title":"blocks user creation when a stripe solo team is at max users"},{"ancestorTitles":["capacity middleware"],"duration":10,"failing":false,"failureDetails":[],"failureMessages":[],"fullName":"capacity middleware allows location creation for a solo team when under the location cap","invocations":1,"location":null,"numPassingAsserts":0,"retryReasons":[],"startAt":1786885030371,"status":"passed","title":"allows location creation for a solo team when under the location cap"},{"ancestorTitles":["capacity middleware"],"duration":8,"failing":false,"failureDetails":[],"failureMessages":[],"fullName":"capacity middleware blocks location creation for a solo team when the location cap is reached","invocations":1,"location":null,"numPassingAsserts":1,"retryReasons":[],"startAt":1786885030381,"status":"passed","title":"blocks location creation for a solo team when the location cap is reached"},{"ancestorTitles":["capacity middleware"],"duration":19,"failing":false,"failureDetails":[],"failureMessages":[],"fullName":"capacity middleware returns 404 when the team cannot be found","invocations":1,"location":null,"numPassingAsserts":1,"retryReasons":[],"startAt":1786885030389,"status":"passed","title":"returns 404 when the team cannot be found"},{"ancestorTitles":["capacity middleware","checkStorageQuota middleware"],"duration":42,"failing":false,"failureDetails":[],"failureMessages":[],"fullName":"capacity middleware checkStorageQuota middleware allows upload when under quota","invocations":1,"location":null,"numPassingAsserts":0,"retryReasons":[],"startAt":1786885030408,"status":"passed","title":"allows upload when under quota"},{"ancestorTitles":["capacity middleware","checkStorageQuota middleware"],"duration":18,"failing":false,"failureDetails":[],"failureMessages":[],"fullName":"capacity middleware checkStorageQuota middleware blocks upload when over quota","invocations":1,"location":null,"numPassingAsserts":1,"retryReasons":[],"startAt":1786885030451,"status":"passed","title":"blocks upload when over quota"},{"ancestorTitles":["capacity middleware","checkStorageQuota middleware"],"duration":17,"failing":false,"failureDetails":[],"failureMessages":[],"fullName":"capacity middleware checkStorageQuota middleware allows upload when unlimited","invocations":1,"location":null,"numPassingAsserts":0,"retryReasons":[],"startAt":1786885030469,"status":"passed","title":"allows upload when unlimited"},{"ancestorTitles":["capacity middleware","checkStorageQuota middleware"],"duration":20,"failing":false,"failureDetails":[],"failureMessages":[],"fullName":"capacity middleware checkStorageQuota middleware uses admin quota for a managed team member","invocations":1,"location":null,"numPassingAsserts":1,"retryReasons":[],"startAt":1786885030487,"status":"passed","title":"uses admin quota for a managed team member"}],"endTime":1786885030509,"message":"","name":"C:\\Users\\HomePC\\Desktop\\Qyra\\Backend\\tests\\capacity-middleware.test.ts","startTime":1786885030027,"status":"passed","summary":""},{"assertionResults":[{"ancestorTitles":["Stripe webhook route","M-6: Storage abuse prevention"],"duration":3,"failing":false,"failureDetails":[],"failureMessages":[],"fullName":"Stripe webhook route M-6: Storage abuse prevention ensures all plans define a 50 GB storage safety net","invocations":1,"location":null,"numPassingAsserts":7,"retryReasons":[],"startAt":1786885030689,"status":"passed","title":"ensures all plans define a 50 GB storage safety net"},{"ancestorTitles":["Stripe webhook route","M-6: Storage abuse prevention"],"duration":53,"failing":false,"failureDetails":[],"failureMessages":[],"fullName":"Stripe webhook route M-6: Storage abuse prevention checkout.session.completed sets storage limits on the plan","invocations":1,"location":null,"numPassingAsserts":1,"retryReasons":[],"startAt":1786885030692,"status":"passed","title":"checkout.session.completed sets storage limits on the plan"},{"ancestorTitles":["Stripe webhook route","M-6: Storage abuse prevention"],"duration":14,"failing":false,"failureDetails":[],"failureMessages":[],"fullName":"Stripe webhook route M-6: Storage abuse prevention customer.subscription.deleted resets storage to free plan values","invocations":1,"location":null,"numPassingAsserts":1,"retryReasons":[],"startAt":1786885030745,"status":"passed","title":"customer.subscription.deleted resets storage to free plan values"},{"ancestorTitles":["Stripe webhook route"],"duration":61,"failing":false,"failureDetails":[],"failureMessages":[],"fullName":"Stripe webhook route handles checkout.session.completed and updates the team subscription","invocations":1,"location":null,"numPassingAsserts":1,"retryReasons":[],"startAt":1786885030760,"status":"passed","title":"handles checkout.session.completed and updates the team subscription"},{"ancestorTitles":["Stripe webhook route"],"duration":12,"failing":false,"failureDetails":[],"failureMessages":[],"fullName":"Stripe webhook route skips checkout updates when team metadata is missing","invocations":1,"location":null,"numPassingAsserts":1,"retryReasons":[],"startAt":1786885030821,"status":"passed","title":"skips checkout updates when team metadata is missing"},{"ancestorTitles":["Stripe webhook route"],"duration":11,"failing":false,"failureDetails":[],"failureMessages":[],"fullName":"Stripe webhook route handles customer.subscription.updated and updates plan metadata for known price IDs","invocations":1,"location":null,"numPassingAsserts":1,"retryReasons":[],"startAt":1786885030834,"status":"passed","title":"handles customer.subscription.updated and updates plan metadata for known price IDs"},{"ancestorTitles":["Stripe webhook route"],"duration":11,"failing":false,"failureDetails":[],"failureMessages":[],"fullName":"Stripe webhook route handles customer.subscription.updated without a known price and does not set a plan","invocations":1,"location":null,"numPassingAsserts":3,"retryReasons":[],"startAt":1786885030845,"status":"passed","title":"handles customer.subscription.updated without a known price and does not set a plan"},{"ancestorTitles":["Stripe webhook route"],"duration":11,"failing":false,"failureDetails":[],"failureMessages":[],"fullName":"Stripe webhook route handles customer.subscription.deleted and clears stripe subscription data","invocations":1,"location":null,"numPassingAsserts":1,"retryReasons":[],"startAt":1786885030856,"status":"passed","title":"handles customer.subscription.deleted and clears stripe subscription data"},{"ancestorTitles":["Stripe webhook route"],"duration":10,"failing":false,"failureDetails":[],"failureMessages":[],"fullName":"Stripe webhook route handles invoice.payment_failed and marks the subscription with a payment issue","invocations":1,"location":null,"numPassingAsserts":1,"retryReasons":[],"startAt":1786885030867,"status":"passed","title":"handles invoice.payment_failed and marks the subscription with a payment issue"},{"ancestorTitles":["Stripe webhook route"],"duration":9,"failing":false,"failureDetails":[],"failureMessages":[],"fullName":"Stripe webhook route handles invoice.paid and refreshes subscription period and status","invocations":1,"location":null,"numPassingAsserts":2,"retryReasons":[],"startAt":1786885030878,"status":"passed","title":"handles invoice.paid and refreshes subscription period and status"},{"ancestorTitles":["Stripe webhook route"],"duration":24,"failing":false,"failureDetails":[],"failureMessages":[],"fullName":"Stripe webhook route returns 400 when the Stripe signature header is missing","invocations":1,"location":null,"numPassingAsserts":1,"retryReasons":[],"startAt":1786885030887,"status":"passed","title":"returns 400 when the Stripe signature header is missing"},{"ancestorTitles":["Stripe webhook route"],"duration":10,"failing":false,"failureDetails":[],"failureMessages":[],"fullName":"Stripe webhook route returns 400 when Stripe signature verification fails","invocations":1,"location":null,"numPassingAsserts":1,"retryReasons":[],"startAt":1786885030911,"status":"passed","title":"returns 400 when Stripe signature verification fails"}],"endTime":1786885030922,"message":"","name":"C:\\Users\\HomePC\\Desktop\\Qyra\\Backend\\tests\\webhooks.test.ts","startTime":1786885030519,"status":"passed","summary":""},{"assertionResults":[{"ancestorTitles":["Cheque customerRef support"],"duration":2,"failing":false,"failureDetails":[],"failureMessages":[],"fullName":"Cheque customerRef support includes CustomerRef in the QB payload when customerRef is provided","invocations":1,"location":null,"numPassingAsserts":1,"retryReasons":[],"startAt":1786885031160,"status":"passed","title":"includes CustomerRef in the QB payload when customerRef is provided"},{"ancestorTitles":["Cheque customerRef support"],"duration":1,"failing":false,"failureDetails":[],"failureMessages":[],"fullName":"Cheque customerRef support does not include CustomerRef when customerRef is not provided","invocations":1,"location":null,"numPassingAsserts":1,"retryReasons":[],"startAt":1786885031162,"status":"passed","title":"does not include CustomerRef when customerRef is not provided"},{"ancestorTitles":["Cheque customerRef support"],"duration":3,"failing":false,"failureDetails":[],"failureMessages":[],"fullName":"Cheque customerRef support retains customerRef through chequeSchema parsing","invocations":1,"location":null,"numPassingAsserts":1,"retryReasons":[],"startAt":1786885031164,"status":"passed","title":"retains customerRef through chequeSchema parsing"}],"endTime":1786885031168,"message":"","name":"C:\\Users\\HomePC\\Desktop\\Qyra\\Backend\\tests\\cheque-customer-ref.test.ts","startTime":1786885030933,"status":"passed","summary":""},{"assertionResults":[{"ancestorTitles":["global error middleware integration"],"duration":29,"failing":false,"failureDetails":[],"failureMessages":[],"fullName":"global error middleware integration returns 400 for AppError route","invocations":1,"location":null,"numPassingAsserts":2,"retryReasons":[],"startAt":1786885031318,"status":"passed","title":"returns 400 for AppError route"},{"ancestorTitles":["global error middleware integration"],"duration":9,"failing":false,"failureDetails":[],"failureMessages":[],"fullName":"global error middleware integration returns 500 for generic error route","invocations":1,"location":null,"numPassingAsserts":2,"retryReasons":[],"startAt":1786885031348,"status":"passed","title":"returns 500 for generic error route"},{"ancestorTitles":["global error middleware integration"],"duration":8,"failing":false,"failureDetails":[],"failureMessages":[],"fullName":"global error middleware integration returns 200 for successful route","invocations":1,"location":null,"numPassingAsserts":2,"retryReasons":[],"startAt":1786885031357,"status":"passed","title":"returns 200 for successful route"},{"ancestorTitles":["global error middleware integration"],"duration":9,"failing":false,"failureDetails":[],"failureMessages":[],"fullName":"global error middleware integration returns 404 for nonexistent routes","invocations":1,"location":null,"numPassingAsserts":1,"retryReasons":[],"startAt":1786885031366,"status":"passed","title":"returns 404 for nonexistent routes"}],"endTime":1786885031376,"message":"","name":"C:\\Users\\HomePC\\Desktop\\Qyra\\Backend\\tests\\error-handler-integration.test.ts","startTime":1786885031185,"status":"passed","summary":""},{"assertionResults":[{"ancestorTitles":["Stripe plan utilities"],"duration":2,"failing":false,"failureDetails":[],"failureMessages":[],"fullName":"Stripe plan utilities has all 5 expected plan tiers","invocations":1,"location":null,"numPassingAsserts":10,"retryReasons":[],"startAt":1786885031535,"status":"passed","title":"has all 5 expected plan tiers"},{"ancestorTitles":["Stripe plan utilities"],"duration":2,"failing":false,"failureDetails":[],"failureMessages":[],"fullName":"Stripe plan utilities exposes the correct numeric limits for each tier","invocations":1,"location":null,"numPassingAsserts":5,"retryReasons":[],"startAt":1786885031537,"status":"passed","title":"exposes the correct numeric limits for each tier"},{"ancestorTitles":["Stripe plan utilities"],"duration":2,"failing":false,"failureDetails":[],"failureMessages":[],"fullName":"Stripe plan utilities stores monthly and annual pricing on each tier","invocations":1,"location":null,"numPassingAsserts":10,"retryReasons":[],"startAt":1786885031539,"status":"passed","title":"stores monthly and annual pricing on each tier"},{"ancestorTitles":["Stripe plan utilities"],"duration":1,"failing":false,"failureDetails":[],"failureMessages":[],"fullName":"Stripe plan utilities marks only professional+ as priority support","invocations":1,"location":null,"numPassingAsserts":5,"retryReasons":[],"startAt":1786885031541,"status":"passed","title":"marks only professional+ as priority support"}],"endTime":1786885031543,"message":"","name":"C:\\Users\\HomePC\\Desktop\\Qyra\\Backend\\tests\\stripe-plans.test.ts","startTime":1786885031386,"status":"passed","summary":""},{"assertionResults":[{"ancestorTitles":["rate limiting"],"duration":33,"failing":false,"failureDetails":[],"failureMessages":[],"fullName":"rate limiting returns 429 with Retry-After header when rate limit exceeded","invocations":1,"location":null,"numPassingAsserts":2,"retryReasons":[],"startAt":1786885031720,"status":"passed","title":"returns 429 with Retry-After header when rate limit exceeded"},{"ancestorTitles":["rate limiting"],"duration":10,"failing":false,"failureDetails":[],"failureMessages":[],"fullName":"rate limiting apiLimiter allows requests within limit and sends standard headers","invocations":1,"location":null,"numPassingAsserts":2,"retryReasons":[],"startAt":1786885031754,"status":"passed","title":"apiLimiter allows requests within limit and sends standard headers"}],"endTime":1786885031765,"message":"","name":"C:\\Users\\HomePC\\Desktop\\Qyra\\Backend\\tests\\rate-limit.test.ts","startTime":1786885031551,"status":"passed","summary":""},{"assertionResults":[{"ancestorTitles":["AppError"],"duration":2,"failing":false,"failureDetails":[],"failureMessages":[],"fullName":"AppError sets message, default status, and name","invocations":1,"location":null,"numPassingAsserts":5,"retryReasons":[],"startAt":1786885031955,"status":"passed","title":"sets message, default status, and name"},{"ancestorTitles":["AppError"],"duration":1,"failing":false,"failureDetails":[],"failureMessages":[],"fullName":"AppError accepts a custom status code","invocations":1,"location":null,"numPassingAsserts":1,"retryReasons":[],"startAt":1786885031958,"status":"passed","title":"accepts a custom status code"},{"ancestorTitles":["ValidationError"],"duration":2,"failing":false,"failureDetails":[],"failureMessages":[],"fullName":"ValidationError wraps a ZodError with status 400 and field details","invocations":1,"location":null,"numPassingAsserts":5,"retryReasons":[],"startAt":1786885031960,"status":"passed","title":"wraps a ZodError with status 400 and field details"},{"ancestorTitles":["asyncHandler and createErrorHandler integration"],"duration":18,"failing":false,"failureDetails":[],"failureMessages":[],"fullName":"asyncHandler and createErrorHandler integration returns success from a normal async route","invocations":1,"location":null,"numPassingAsserts":2,"retryReasons":[],"startAt":1786885031963,"status":"passed","title":"returns success from a normal async route"},{"ancestorTitles":["asyncHandler and createErrorHandler integration"],"duration":21,"failing":false,"failureDetails":[],"failureMessages":[],"fullName":"asyncHandler and createErrorHandler integration passes AppError through createErrorHandler with correct status and body","invocations":1,"location":null,"numPassingAsserts":2,"retryReasons":[],"startAt":1786885031982,"status":"passed","title":"passes AppError through createErrorHandler with correct status and body"},{"ancestorTitles":["asyncHandler and createErrorHandler integration"],"duration":9,"failing":false,"failureDetails":[],"failureMessages":[],"fullName":"asyncHandler and createErrorHandler integration returns internal server error for generic Error","invocations":1,"location":null,"numPassingAsserts":2,"retryReasons":[],"startAt":1786885032004,"status":"passed","title":"returns internal server error for generic Error"},{"ancestorTitles":["asyncHandler and createErrorHandler integration"],"duration":9,"failing":false,"failureDetails":[],"failureMessages":[],"fullName":"asyncHandler and createErrorHandler integration handles rejected promises and passes them to next()","invocations":1,"location":null,"numPassingAsserts":2,"retryReasons":[],"startAt":1786885032013,"status":"passed","title":"handles rejected promises and passes them to next()"}],"endTime":1786885032023,"message":"","name":"C:\\Users\\HomePC\\Desktop\\Qyra\\Backend\\tests\\errors.test.ts","startTime":1786885031773,"status":"passed","summary":""},{"assertionResults":[{"ancestorTitles":["team-status lib"],"duration":8,"failing":false,"failureDetails":[],"failureMessages":[],"fullName":"team-status lib calculates grace period end correctly","invocations":1,"location":null,"numPassingAsserts":1,"retryReasons":[],"startAt":1786885032102,"status":"passed","title":"calculates grace period end correctly"},{"ancestorTitles":["team-status lib"],"duration":3,"failing":false,"failureDetails":[],"failureMessages":[],"fullName":"team-status lib builds a user for access correctly","invocations":1,"location":null,"numPassingAsserts":1,"retryReasons":[],"startAt":1786885032110,"status":"passed","title":"builds a user for access correctly"},{"ancestorTitles":["team-status lib"],"duration":2,"failing":false,"failureDetails":[],"failureMessages":[],"fullName":"team-status lib returns zero when no trial expiry users exist","invocations":1,"location":null,"numPassingAsserts":2,"retryReasons":[],"startAt":1786885032113,"status":"passed","title":"returns zero when no trial expiry users exist"},{"ancestorTitles":["team-status lib"],"duration":3,"failing":false,"failureDetails":[],"failureMessages":[],"fullName":"team-status lib processes expired trial users and returns the count","invocations":1,"location":null,"numPassingAsserts":3,"retryReasons":[],"startAt":1786885032115,"status":"passed","title":"processes expired trial users and returns the count"},{"ancestorTitles":["team-status lib"],"duration":2,"failing":false,"failureDetails":[],"failureMessages":[],"fullName":"team-status lib sends trial warnings for users within threshold","invocations":1,"location":null,"numPassingAsserts":3,"retryReasons":[],"startAt":1786885032119,"status":"passed","title":"sends trial warnings for users within threshold"},{"ancestorTitles":["team-status lib"],"duration":9,"failing":false,"failureDetails":[],"failureMessages":[],"fullName":"team-status lib transitions active users to grace period and fully expired users","invocations":1,"location":null,"numPassingAsserts":3,"retryReasons":[],"startAt":1786885032121,"status":"passed","title":"transitions active users to grace period and fully expired users"}],"endTime":1786885032131,"message":"","name":"C:\\Users\\HomePC\\Desktop\\Qyra\\Backend\\tests\\team-status.test.ts","startTime":1786885032030,"status":"passed","summary":""},{"assertionResults":[{"ancestorTitles":["security headers"],"duration":17,"failing":false,"failureDetails":[],"failureMessages":[],"fullName":"security headers applies helmet security headers with default settings","invocations":1,"location":null,"numPassingAsserts":6,"retryReasons":[],"startAt":1786885032275,"status":"passed","title":"applies helmet security headers with default settings"}],"endTime":1786885032293,"message":"","name":"C:\\Users\\HomePC\\Desktop\\Qyra\\Backend\\tests\\security-headers.test.ts","startTime":1786885032142,"status":"passed","summary":""}],"wasInterrupted":false}
