{"numFailedTestSuites":0,"numFailedTests":0,"numPassedTestSuites":10,"numPassedTests":69,"numPendingTestSuites":0,"numPendingTests":0,"numRuntimeErrorTestSuites":0,"numTodoTests":0,"numTotalTestSuites":10,"numTotalTests":69,"openHandles":[],"snapshot":{"added":0,"didUpdate":false,"failure":false,"filesAdded":0,"filesRemoved":0,"filesRemovedList":[],"filesUnmatched":0,"filesUpdated":0,"matched":0,"total":0,"unchecked":0,"uncheckedKeysByFile":[],"unmatched":0,"updated":0},"startTime":1786682149670,"success":true,"testResults":[{"assertionResults":[{"ancestorTitles":["POST /quickbooks/sync-batch"],"duration":57,"failing":false,"failureDetails":[],"failureMessages":[],"fullName":"POST /quickbooks/sync-batch returns SYNCED status for a valid BILL item","invocations":1,"location":null,"numPassingAsserts":5,"retryReasons":[],"startAt":1786682154857,"status":"passed","title":"returns SYNCED status for a valid BILL item"},{"ancestorTitles":["POST /quickbooks/sync-batch"],"duration":215,"failing":false,"failureDetails":[],"failureMessages":[],"fullName":"POST /quickbooks/sync-batch syncs multiple items and returns results for each","invocations":1,"location":null,"numPassingAsserts":5,"retryReasons":[],"startAt":1786682154915,"status":"passed","title":"syncs multiple items and returns results for each"},{"ancestorTitles":["POST /quickbooks/sync-batch"],"duration":7,"failing":false,"failureDetails":[],"failureMessages":[],"fullName":"POST /quickbooks/sync-batch passes the correct userId to callQB","invocations":1,"location":null,"numPassingAsserts":1,"retryReasons":[],"startAt":1786682155130,"status":"passed","title":"passes the correct userId to callQB"},{"ancestorTitles":["POST /quickbooks/sync-batch"],"duration":8,"failing":false,"failureDetails":[],"failureMessages":[],"fullName":"POST /quickbooks/sync-batch passes memo and privateNote to qbService.createBill","invocations":1,"location":null,"numPassingAsserts":1,"retryReasons":[],"startAt":1786682155137,"status":"passed","title":"passes memo and privateNote to qbService.createBill"},{"ancestorTitles":["POST /quickbooks/sync-batch"],"duration":23,"failing":false,"failureDetails":[],"failureMessages":[],"fullName":"POST /quickbooks/sync-batch returns 400 when items is an empty array","invocations":1,"location":null,"numPassingAsserts":1,"retryReasons":[],"startAt":1786682155145,"status":"passed","title":"returns 400 when items is an empty array"},{"ancestorTitles":["POST /quickbooks/sync-batch"],"duration":7,"failing":false,"failureDetails":[],"failureMessages":[],"fullName":"POST /quickbooks/sync-batch returns FAILED status for an unsupported item type","invocations":1,"location":null,"numPassingAsserts":3,"retryReasons":[],"startAt":1786682155169,"status":"passed","title":"returns FAILED status for an unsupported item type"},{"ancestorTitles":["POST /quickbooks/sync-batch"],"duration":7,"failing":false,"failureDetails":[],"failureMessages":[],"fullName":"POST /quickbooks/sync-batch returns FAILED for non-admin user syncing non-APPROVED scan","invocations":1,"location":null,"numPassingAsserts":3,"retryReasons":[],"startAt":1786682155176,"status":"passed","title":"returns FAILED for non-admin user syncing non-APPROVED scan"}],"endTime":1786682155185,"message":"","name":"C:\\Users\\HomePC\\Desktop\\Qyra\\Backend\\tests\\sync-batch.test.ts","startTime":1786682150024,"status":"passed","summary":""},{"assertionResults":[{"ancestorTitles":["Cheque fixed-column Excel parser"],"duration":93,"failing":false,"failureDetails":[],"failureMessages":[],"fullName":"Cheque fixed-column Excel parser parses a valid 3-row cheque Excel file into 3 transactions","invocations":1,"location":null,"numPassingAsserts":9,"retryReasons":[],"startAt":1786682156153,"status":"passed","title":"parses a valid 3-row cheque Excel file into 3 transactions"},{"ancestorTitles":["Cheque fixed-column Excel parser"],"duration":29,"failing":false,"failureDetails":[],"failureMessages":[],"fullName":"Cheque fixed-column Excel parser returns 400 when the row count is not exactly 11 columns","invocations":1,"location":null,"numPassingAsserts":2,"retryReasons":[],"startAt":1786682156246,"status":"passed","title":"returns 400 when the row count is not exactly 11 columns"},{"ancestorTitles":["Cheque fixed-column Excel parser"],"duration":30,"failing":false,"failureDetails":[],"failureMessages":[],"fullName":"Cheque fixed-column Excel parser returns 400 when headers do not match expected names","invocations":1,"location":null,"numPassingAsserts":4,"retryReasons":[],"startAt":1786682156275,"status":"passed","title":"returns 400 when headers do not match expected names"},{"ancestorTitles":["Cheque fixed-column Excel parser"],"duration":23,"failing":false,"failureDetails":[],"failureMessages":[],"fullName":"Cheque fixed-column Excel parser returns 400 when only the header row is present","invocations":1,"location":null,"numPassingAsserts":2,"retryReasons":[],"startAt":1786682156305,"status":"passed","title":"returns 400 when only the header row is present"},{"ancestorTitles":["Cheque fixed-column Excel parser"],"duration":23,"failing":false,"failureDetails":[],"failureMessages":[],"fullName":"Cheque fixed-column Excel parser skips invalid amount rows and returns skippedRows count","invocations":1,"location":null,"numPassingAsserts":4,"retryReasons":[],"startAt":1786682156328,"status":"passed","title":"skips invalid amount rows and returns skippedRows count"},{"ancestorTitles":["Cheque fixed-column Excel parser"],"duration":19,"failing":false,"failureDetails":[],"failureMessages":[],"fullName":"Cheque fixed-column Excel parser accepts headers case-insensitively","invocations":1,"location":null,"numPassingAsserts":2,"retryReasons":[],"startAt":1786682156352,"status":"passed","title":"accepts headers case-insensitively"},{"ancestorTitles":["Bill fixed-column Excel parser"],"duration":24,"failing":false,"failureDetails":[],"failureMessages":[],"fullName":"Bill fixed-column Excel parser parses a valid bill Excel file into a bill transaction","invocations":1,"location":null,"numPassingAsserts":16,"retryReasons":[],"startAt":1786682156372,"status":"passed","title":"parses a valid bill Excel file into a bill transaction"},{"ancestorTitles":["Bill fixed-column Excel parser"],"duration":22,"failing":false,"failureDetails":[],"failureMessages":[],"fullName":"Bill fixed-column Excel parser parses bill headers case-insensitively and recognizes Bill Number","invocations":1,"location":null,"numPassingAsserts":3,"retryReasons":[],"startAt":1786682156396,"status":"passed","title":"parses bill headers case-insensitively and recognizes Bill Number"}],"endTime":1786682156419,"message":"","name":"C:\\Users\\HomePC\\Desktop\\Qyra\\Backend\\tests\\cheque-parser.test.ts","startTime":1786682155195,"status":"passed","summary":""},{"assertionResults":[{"ancestorTitles":["Cheque customerRef support"],"duration":2,"failing":false,"failureDetails":[],"failureMessages":[],"fullName":"Cheque customerRef support includes CustomerRef in the QB payload when customerRef is provided","invocations":1,"location":null,"numPassingAsserts":1,"retryReasons":[],"startAt":1786682156572,"status":"passed","title":"includes CustomerRef in the QB payload when customerRef is provided"},{"ancestorTitles":["Cheque customerRef support"],"duration":1,"failing":false,"failureDetails":[],"failureMessages":[],"fullName":"Cheque customerRef support does not include CustomerRef when customerRef is not provided","invocations":1,"location":null,"numPassingAsserts":1,"retryReasons":[],"startAt":1786682156574,"status":"passed","title":"does not include CustomerRef when customerRef is not provided"},{"ancestorTitles":["Cheque customerRef support"],"duration":3,"failing":false,"failureDetails":[],"failureMessages":[],"fullName":"Cheque customerRef support retains customerRef through chequeSchema parsing","invocations":1,"location":null,"numPassingAsserts":1,"retryReasons":[],"startAt":1786682156575,"status":"passed","title":"retains customerRef through chequeSchema parsing"}],"endTime":1786682156579,"message":"","name":"C:\\Users\\HomePC\\Desktop\\Qyra\\Backend\\tests\\cheque-customer-ref.test.ts","startTime":1786682156425,"status":"passed","summary":""},{"assertionResults":[{"ancestorTitles":["capacity middleware"],"duration":18,"failing":false,"failureDetails":[],"failureMessages":[],"fullName":"capacity middleware allows free/trial teams to bypass capacity checks","invocations":1,"location":null,"numPassingAsserts":0,"retryReasons":[],"startAt":1786682156918,"status":"passed","title":"allows free/trial teams to bypass capacity checks"},{"ancestorTitles":["capacity middleware"],"duration":11,"failing":false,"failureDetails":[],"failureMessages":[],"fullName":"capacity middleware allows partner-managed teams to bypass capacity checks","invocations":1,"location":null,"numPassingAsserts":0,"retryReasons":[],"startAt":1786682156936,"status":"passed","title":"allows partner-managed teams to bypass capacity checks"},{"ancestorTitles":["capacity middleware"],"duration":6,"failing":false,"failureDetails":[],"failureMessages":[],"fullName":"capacity middleware allows stripe teams without a configured plan to bypass limits","invocations":1,"location":null,"numPassingAsserts":0,"retryReasons":[],"startAt":1786682156948,"status":"passed","title":"allows stripe teams without a configured plan to bypass limits"},{"ancestorTitles":["capacity middleware"],"duration":5,"failing":false,"failureDetails":[],"failureMessages":[],"fullName":"capacity middleware blocks user creation when a stripe solo team is at max users","invocations":1,"location":null,"numPassingAsserts":1,"retryReasons":[],"startAt":1786682156954,"status":"passed","title":"blocks user creation when a stripe solo team is at max users"},{"ancestorTitles":["capacity middleware"],"duration":6,"failing":false,"failureDetails":[],"failureMessages":[],"fullName":"capacity middleware allows location creation for a solo team when under the location cap","invocations":1,"location":null,"numPassingAsserts":0,"retryReasons":[],"startAt":1786682156960,"status":"passed","title":"allows location creation for a solo team when under the location cap"},{"ancestorTitles":["capacity middleware"],"duration":7,"failing":false,"failureDetails":[],"failureMessages":[],"fullName":"capacity middleware blocks location creation for a solo team when the location cap is reached","invocations":1,"location":null,"numPassingAsserts":1,"retryReasons":[],"startAt":1786682156966,"status":"passed","title":"blocks location creation for a solo team when the location cap is reached"},{"ancestorTitles":["capacity middleware"],"duration":19,"failing":false,"failureDetails":[],"failureMessages":[],"fullName":"capacity middleware returns 404 when the team cannot be found","invocations":1,"location":null,"numPassingAsserts":1,"retryReasons":[],"startAt":1786682156973,"status":"passed","title":"returns 404 when the team cannot be found"}],"endTime":1786682156993,"message":"","name":"C:\\Users\\HomePC\\Desktop\\Qyra\\Backend\\tests\\capacity-middleware.test.ts","startTime":1786682156590,"status":"passed","summary":""},{"assertionResults":[{"ancestorTitles":["AppError"],"duration":1,"failing":false,"failureDetails":[],"failureMessages":[],"fullName":"AppError sets message, default status, and name","invocations":1,"location":null,"numPassingAsserts":5,"retryReasons":[],"startAt":1786682157121,"status":"passed","title":"sets message, default status, and name"},{"ancestorTitles":["AppError"],"duration":0,"failing":false,"failureDetails":[],"failureMessages":[],"fullName":"AppError accepts a custom status code","invocations":1,"location":null,"numPassingAsserts":1,"retryReasons":[],"startAt":1786682157122,"status":"passed","title":"accepts a custom status code"},{"ancestorTitles":["ValidationError"],"duration":0,"failing":false,"failureDetails":[],"failureMessages":[],"fullName":"ValidationError wraps a ZodError with status 400 and field details","invocations":1,"location":null,"numPassingAsserts":5,"retryReasons":[],"startAt":1786682157123,"status":"passed","title":"wraps a ZodError with status 400 and field details"},{"ancestorTitles":["asyncHandler and createErrorHandler integration"],"duration":6,"failing":false,"failureDetails":[],"failureMessages":[],"fullName":"asyncHandler and createErrorHandler integration returns success from a normal async route","invocations":1,"location":null,"numPassingAsserts":2,"retryReasons":[],"startAt":1786682157125,"status":"passed","title":"returns success from a normal async route"},{"ancestorTitles":["asyncHandler and createErrorHandler integration"],"duration":22,"failing":false,"failureDetails":[],"failureMessages":[],"fullName":"asyncHandler and createErrorHandler integration passes AppError through createErrorHandler with correct status and body","invocations":1,"location":null,"numPassingAsserts":2,"retryReasons":[],"startAt":1786682157131,"status":"passed","title":"passes AppError through createErrorHandler with correct status and body"},{"ancestorTitles":["asyncHandler and createErrorHandler integration"],"duration":5,"failing":false,"failureDetails":[],"failureMessages":[],"fullName":"asyncHandler and createErrorHandler integration returns internal server error for generic Error","invocations":1,"location":null,"numPassingAsserts":2,"retryReasons":[],"startAt":1786682157153,"status":"passed","title":"returns internal server error for generic Error"},{"ancestorTitles":["asyncHandler and createErrorHandler integration"],"duration":6,"failing":false,"failureDetails":[],"failureMessages":[],"fullName":"asyncHandler and createErrorHandler integration handles rejected promises and passes them to next()","invocations":1,"location":null,"numPassingAsserts":2,"retryReasons":[],"startAt":1786682157159,"status":"passed","title":"handles rejected promises and passes them to next()"}],"endTime":1786682157166,"message":"","name":"C:\\Users\\HomePC\\Desktop\\Qyra\\Backend\\tests\\errors.test.ts","startTime":1786682156999,"status":"passed","summary":""},{"assertionResults":[{"ancestorTitles":["Value mappings K-1"],"duration":11,"failing":false,"failureDetails":[],"failureMessages":[],"fullName":"Value mappings K-1 creates a mapping with sourceField payee","invocations":1,"location":null,"numPassingAsserts":2,"retryReasons":[],"startAt":1786682157282,"status":"passed","title":"creates a mapping with sourceField payee"},{"ancestorTitles":["Value mappings K-1"],"duration":7,"failing":false,"failureDetails":[],"failureMessages":[],"fullName":"Value mappings K-1 normalizes empty string sourceField to null on create","invocations":1,"location":null,"numPassingAsserts":3,"retryReasons":[],"startAt":1786682157293,"status":"passed","title":"normalizes empty string sourceField to null on create"},{"ancestorTitles":["Value mappings K-1"],"duration":15,"failing":false,"failureDetails":[],"failureMessages":[],"fullName":"Value mappings K-1 returns 409 when a duplicate create exists with the same sourceField","invocations":1,"location":null,"numPassingAsserts":2,"retryReasons":[],"startAt":1786682157300,"status":"passed","title":"returns 409 when a duplicate create exists with the same sourceField"},{"ancestorTitles":["Value mappings K-1"],"duration":19,"failing":false,"failureDetails":[],"failureMessages":[],"fullName":"Value mappings K-1 returns 400 when POST sourceField is numeric","invocations":1,"location":null,"numPassingAsserts":2,"retryReasons":[],"startAt":1786682157315,"status":"passed","title":"returns 400 when POST sourceField is numeric"},{"ancestorTitles":["Value mappings K-1"],"duration":5,"failing":false,"failureDetails":[],"failureMessages":[],"fullName":"Value mappings K-1 creates a mapping with explicit null sourceField","invocations":1,"location":null,"numPassingAsserts":2,"retryReasons":[],"startAt":1786682157334,"status":"passed","title":"creates a mapping with explicit null sourceField"},{"ancestorTitles":["Value mappings K-1"],"duration":11,"failing":false,"failureDetails":[],"failureMessages":[],"fullName":"Value mappings K-1 allows mappings with same other keys but different sourceField","invocations":1,"location":null,"numPassingAsserts":2,"retryReasons":[],"startAt":1786682157339,"status":"passed","title":"allows mappings with same other keys but different sourceField"},{"ancestorTitles":["Value mappings K-1"],"duration":7,"failing":false,"failureDetails":[],"failureMessages":[],"fullName":"Value mappings K-1 updates sourceField on PUT","invocations":1,"location":null,"numPassingAsserts":2,"retryReasons":[],"startAt":1786682157350,"status":"passed","title":"updates sourceField on PUT"},{"ancestorTitles":["Value mappings K-1"],"duration":7,"failing":false,"failureDetails":[],"failureMessages":[],"fullName":"Value mappings K-1 keeps sourceField unchanged when omitted on PUT","invocations":1,"location":null,"numPassingAsserts":4,"retryReasons":[],"startAt":1786682157357,"status":"passed","title":"keeps sourceField unchanged when omitted on PUT"},{"ancestorTitles":["Value mappings K-1"],"duration":6,"failing":false,"failureDetails":[],"failureMessages":[],"fullName":"Value mappings K-1 clears sourceField to null on PUT","invocations":1,"location":null,"numPassingAsserts":3,"retryReasons":[],"startAt":1786682157364,"status":"passed","title":"clears sourceField to null on PUT"},{"ancestorTitles":["Value mappings K-1"],"duration":10,"failing":false,"failureDetails":[],"failureMessages":[],"fullName":"Value mappings K-1 does not return 409 when updating self with same values","invocations":1,"location":null,"numPassingAsserts":2,"retryReasons":[],"startAt":1786682157370,"status":"passed","title":"does not return 409 when updating self with same values"},{"ancestorTitles":["Value mappings K-1"],"duration":6,"failing":false,"failureDetails":[],"failureMessages":[],"fullName":"Value mappings K-1 returns 409 when a PUT update conflicts with another mapping","invocations":1,"location":null,"numPassingAsserts":2,"retryReasons":[],"startAt":1786682157380,"status":"passed","title":"returns 409 when a PUT update conflicts with another mapping"},{"ancestorTitles":["Value mappings K-1"],"duration":6,"failing":false,"failureDetails":[],"failureMessages":[],"fullName":"Value mappings K-1 returns 400 when PUT sourceField is object","invocations":1,"location":null,"numPassingAsserts":2,"retryReasons":[],"startAt":1786682157386,"status":"passed","title":"returns 400 when PUT sourceField is object"},{"ancestorTitles":["Value mappings K-1"],"duration":7,"failing":false,"failureDetails":[],"failureMessages":[],"fullName":"Value mappings K-1 returns sourceField in GET list response","invocations":1,"location":null,"numPassingAsserts":2,"retryReasons":[],"startAt":1786682157392,"status":"passed","title":"returns sourceField in GET list response"},{"ancestorTitles":["Value mappings K-1"],"duration":5,"failing":false,"failureDetails":[],"failureMessages":[],"fullName":"Value mappings K-1 returns updatedAt in GET list response","invocations":1,"location":null,"numPassingAsserts":2,"retryReasons":[],"startAt":1786682157399,"status":"passed","title":"returns updatedAt in GET list response"}],"endTime":1786682157405,"message":"","name":"C:\\Users\\HomePC\\Desktop\\Qyra\\Backend\\tests\\value-mappings-k1.test.ts","startTime":1786682157174,"status":"passed","summary":""},{"assertionResults":[{"ancestorTitles":["Stripe webhook route"],"duration":19,"failing":false,"failureDetails":[],"failureMessages":[],"fullName":"Stripe webhook route handles checkout.session.completed and updates the team subscription","invocations":1,"location":null,"numPassingAsserts":1,"retryReasons":[],"startAt":1786682157523,"status":"passed","title":"handles checkout.session.completed and updates the team subscription"},{"ancestorTitles":["Stripe webhook route"],"duration":7,"failing":false,"failureDetails":[],"failureMessages":[],"fullName":"Stripe webhook route skips checkout updates when team metadata is missing","invocations":1,"location":null,"numPassingAsserts":1,"retryReasons":[],"startAt":1786682157542,"status":"passed","title":"skips checkout updates when team metadata is missing"},{"ancestorTitles":["Stripe webhook route"],"duration":7,"failing":false,"failureDetails":[],"failureMessages":[],"fullName":"Stripe webhook route handles customer.subscription.updated and updates plan metadata for known price IDs","invocations":1,"location":null,"numPassingAsserts":1,"retryReasons":[],"startAt":1786682157549,"status":"passed","title":"handles customer.subscription.updated and updates plan metadata for known price IDs"},{"ancestorTitles":["Stripe webhook route"],"duration":6,"failing":false,"failureDetails":[],"failureMessages":[],"fullName":"Stripe webhook route handles customer.subscription.updated without a known price and does not set a plan","invocations":1,"location":null,"numPassingAsserts":3,"retryReasons":[],"startAt":1786682157556,"status":"passed","title":"handles customer.subscription.updated without a known price and does not set a plan"},{"ancestorTitles":["Stripe webhook route"],"duration":5,"failing":false,"failureDetails":[],"failureMessages":[],"fullName":"Stripe webhook route handles customer.subscription.deleted and clears stripe subscription data","invocations":1,"location":null,"numPassingAsserts":1,"retryReasons":[],"startAt":1786682157562,"status":"passed","title":"handles customer.subscription.deleted and clears stripe subscription data"},{"ancestorTitles":["Stripe webhook route"],"duration":6,"failing":false,"failureDetails":[],"failureMessages":[],"fullName":"Stripe webhook route handles invoice.payment_failed and marks the subscription with a payment issue","invocations":1,"location":null,"numPassingAsserts":1,"retryReasons":[],"startAt":1786682157567,"status":"passed","title":"handles invoice.payment_failed and marks the subscription with a payment issue"},{"ancestorTitles":["Stripe webhook route"],"duration":5,"failing":false,"failureDetails":[],"failureMessages":[],"fullName":"Stripe webhook route handles invoice.paid and refreshes subscription period and status","invocations":1,"location":null,"numPassingAsserts":2,"retryReasons":[],"startAt":1786682157573,"status":"passed","title":"handles invoice.paid and refreshes subscription period and status"},{"ancestorTitles":["Stripe webhook route"],"duration":15,"failing":false,"failureDetails":[],"failureMessages":[],"fullName":"Stripe webhook route returns 400 when the Stripe signature header is missing","invocations":1,"location":null,"numPassingAsserts":1,"retryReasons":[],"startAt":1786682157578,"status":"passed","title":"returns 400 when the Stripe signature header is missing"},{"ancestorTitles":["Stripe webhook route"],"duration":7,"failing":false,"failureDetails":[],"failureMessages":[],"fullName":"Stripe webhook route returns 400 when Stripe signature verification fails","invocations":1,"location":null,"numPassingAsserts":1,"retryReasons":[],"startAt":1786682157593,"status":"passed","title":"returns 400 when Stripe signature verification fails"}],"endTime":1786682157601,"message":"","name":"C:\\Users\\HomePC\\Desktop\\Qyra\\Backend\\tests\\webhooks.test.ts","startTime":1786682157411,"status":"passed","summary":""},{"assertionResults":[{"ancestorTitles":["global error middleware integration"],"duration":16,"failing":false,"failureDetails":[],"failureMessages":[],"fullName":"global error middleware integration returns 400 for AppError route","invocations":1,"location":null,"numPassingAsserts":2,"retryReasons":[],"startAt":1786682157704,"status":"passed","title":"returns 400 for AppError route"},{"ancestorTitles":["global error middleware integration"],"duration":6,"failing":false,"failureDetails":[],"failureMessages":[],"fullName":"global error middleware integration returns 500 for generic error route","invocations":1,"location":null,"numPassingAsserts":2,"retryReasons":[],"startAt":1786682157720,"status":"passed","title":"returns 500 for generic error route"},{"ancestorTitles":["global error middleware integration"],"duration":5,"failing":false,"failureDetails":[],"failureMessages":[],"fullName":"global error middleware integration returns 200 for successful route","invocations":1,"location":null,"numPassingAsserts":2,"retryReasons":[],"startAt":1786682157726,"status":"passed","title":"returns 200 for successful route"},{"ancestorTitles":["global error middleware integration"],"duration":10,"failing":false,"failureDetails":[],"failureMessages":[],"fullName":"global error middleware integration returns 404 for nonexistent routes","invocations":1,"location":null,"numPassingAsserts":1,"retryReasons":[],"startAt":1786682157731,"status":"passed","title":"returns 404 for nonexistent routes"}],"endTime":1786682157741,"message":"","name":"C:\\Users\\HomePC\\Desktop\\Qyra\\Backend\\tests\\error-handler-integration.test.ts","startTime":1786682157609,"status":"passed","summary":""},{"assertionResults":[{"ancestorTitles":["Stripe plan utilities"],"duration":2,"failing":false,"failureDetails":[],"failureMessages":[],"fullName":"Stripe plan utilities has all 5 expected plan tiers","invocations":1,"location":null,"numPassingAsserts":10,"retryReasons":[],"startAt":1786682157834,"status":"passed","title":"has all 5 expected plan tiers"},{"ancestorTitles":["Stripe plan utilities"],"duration":1,"failing":false,"failureDetails":[],"failureMessages":[],"fullName":"Stripe plan utilities exposes the correct numeric limits for each tier","invocations":1,"location":null,"numPassingAsserts":5,"retryReasons":[],"startAt":1786682157836,"status":"passed","title":"exposes the correct numeric limits for each tier"},{"ancestorTitles":["Stripe plan utilities"],"duration":1,"failing":false,"failureDetails":[],"failureMessages":[],"fullName":"Stripe plan utilities stores monthly and annual pricing on each tier","invocations":1,"location":null,"numPassingAsserts":10,"retryReasons":[],"startAt":1786682157837,"status":"passed","title":"stores monthly and annual pricing on each tier"},{"ancestorTitles":["Stripe plan utilities"],"duration":0,"failing":false,"failureDetails":[],"failureMessages":[],"fullName":"Stripe plan utilities marks only professional+ as priority support","invocations":1,"location":null,"numPassingAsserts":5,"retryReasons":[],"startAt":1786682157838,"status":"passed","title":"marks only professional+ as priority support"}],"endTime":1786682157839,"message":"","name":"C:\\Users\\HomePC\\Desktop\\Qyra\\Backend\\tests\\stripe-plans.test.ts","startTime":1786682157748,"status":"passed","summary":""},{"assertionResults":[{"ancestorTitles":["team-status lib"],"duration":4,"failing":false,"failureDetails":[],"failureMessages":[],"fullName":"team-status lib calculates grace period end correctly","invocations":1,"location":null,"numPassingAsserts":1,"retryReasons":[],"startAt":1786682157893,"status":"passed","title":"calculates grace period end correctly"},{"ancestorTitles":["team-status lib"],"duration":2,"failing":false,"failureDetails":[],"failureMessages":[],"fullName":"team-status lib builds a user for access correctly","invocations":1,"location":null,"numPassingAsserts":1,"retryReasons":[],"startAt":1786682157897,"status":"passed","title":"builds a user for access correctly"},{"ancestorTitles":["team-status lib"],"duration":1,"failing":false,"failureDetails":[],"failureMessages":[],"fullName":"team-status lib returns zero when no trial expiry users exist","invocations":1,"location":null,"numPassingAsserts":2,"retryReasons":[],"startAt":1786682157899,"status":"passed","title":"returns zero when no trial expiry users exist"},{"ancestorTitles":["team-status lib"],"duration":2,"failing":false,"failureDetails":[],"failureMessages":[],"fullName":"team-status lib processes expired trial users and returns the count","invocations":1,"location":null,"numPassingAsserts":3,"retryReasons":[],"startAt":1786682157900,"status":"passed","title":"processes expired trial users and returns the count"},{"ancestorTitles":["team-status lib"],"duration":2,"failing":false,"failureDetails":[],"failureMessages":[],"fullName":"team-status lib sends trial warnings for users within threshold","invocations":1,"location":null,"numPassingAsserts":3,"retryReasons":[],"startAt":1786682157902,"status":"passed","title":"sends trial warnings for users within threshold"},{"ancestorTitles":["team-status lib"],"duration":2,"failing":false,"failureDetails":[],"failureMessages":[],"fullName":"team-status lib transitions active users to grace period and fully expired users","invocations":1,"location":null,"numPassingAsserts":3,"retryReasons":[],"startAt":1786682157904,"status":"passed","title":"transitions active users to grace period and fully expired users"}],"endTime":1786682157907,"message":"","name":"C:\\Users\\HomePC\\Desktop\\Qyra\\Backend\\tests\\team-status.test.ts","startTime":1786682157848,"status":"passed","summary":""}],"wasInterrupted":false}
