{"numFailedTestSuites":0,"numFailedTests":0,"numPassedTestSuites":10,"numPassedTests":67,"numPendingTestSuites":0,"numPendingTests":0,"numRuntimeErrorTestSuites":0,"numTodoTests":0,"numTotalTestSuites":10,"numTotalTests":67,"openHandles":[],"snapshot":{"added":0,"didUpdate":false,"failure":false,"filesAdded":0,"filesRemoved":0,"filesRemovedList":[],"filesUnmatched":0,"filesUpdated":0,"matched":0,"total":0,"unchecked":0,"uncheckedKeysByFile":[],"unmatched":0,"updated":0},"startTime":1786560243174,"success":true,"testResults":[{"assertionResults":[{"ancestorTitles":["team-status lib"],"duration":64,"failing":false,"failureDetails":[],"failureMessages":[],"fullName":"team-status lib calculates grace period end correctly","invocations":1,"location":null,"numPassingAsserts":1,"retryReasons":[],"startAt":1786560260367,"status":"passed","title":"calculates grace period end correctly"},{"ancestorTitles":["team-status lib"],"duration":4,"failing":false,"failureDetails":[],"failureMessages":[],"fullName":"team-status lib builds a user for access correctly","invocations":1,"location":null,"numPassingAsserts":1,"retryReasons":[],"startAt":1786560260432,"status":"passed","title":"builds a user for access correctly"},{"ancestorTitles":["team-status lib"],"duration":5,"failing":false,"failureDetails":[],"failureMessages":[],"fullName":"team-status lib returns zero when no trial expiry users exist","invocations":1,"location":null,"numPassingAsserts":2,"retryReasons":[],"startAt":1786560260437,"status":"passed","title":"returns zero when no trial expiry users exist"},{"ancestorTitles":["team-status lib"],"duration":7,"failing":false,"failureDetails":[],"failureMessages":[],"fullName":"team-status lib processes expired trial users and returns the count","invocations":1,"location":null,"numPassingAsserts":3,"retryReasons":[],"startAt":1786560260442,"status":"passed","title":"processes expired trial users and returns the count"},{"ancestorTitles":["team-status lib"],"duration":7,"failing":false,"failureDetails":[],"failureMessages":[],"fullName":"team-status lib sends trial warnings for users within threshold","invocations":1,"location":null,"numPassingAsserts":3,"retryReasons":[],"startAt":1786560260449,"status":"passed","title":"sends trial warnings for users within threshold"},{"ancestorTitles":["team-status lib"],"duration":7,"failing":false,"failureDetails":[],"failureMessages":[],"fullName":"team-status lib transitions active users to grace period and fully expired users","invocations":1,"location":null,"numPassingAsserts":3,"retryReasons":[],"startAt":1786560260456,"status":"passed","title":"transitions active users to grace period and fully expired users"}],"endTime":1786560260469,"message":"","name":"C:\\Users\\HomePC\\Desktop\\Qyra\\Backend\\tests\\team-status.test.ts","startTime":1786560244673,"status":"passed","summary":""},{"assertionResults":[{"ancestorTitles":["Stripe plan utilities"],"duration":28,"failing":false,"failureDetails":[],"failureMessages":[],"fullName":"Stripe plan utilities has all 5 expected plan tiers","invocations":1,"location":null,"numPassingAsserts":10,"retryReasons":[],"startAt":1786560261092,"status":"passed","title":"has all 5 expected plan tiers"},{"ancestorTitles":["Stripe plan utilities"],"duration":4,"failing":false,"failureDetails":[],"failureMessages":[],"fullName":"Stripe plan utilities exposes the correct numeric limits for each tier","invocations":1,"location":null,"numPassingAsserts":5,"retryReasons":[],"startAt":1786560261122,"status":"passed","title":"exposes the correct numeric limits for each tier"},{"ancestorTitles":["Stripe plan utilities"],"duration":2,"failing":false,"failureDetails":[],"failureMessages":[],"fullName":"Stripe plan utilities stores monthly and annual pricing on each tier","invocations":1,"location":null,"numPassingAsserts":10,"retryReasons":[],"startAt":1786560261126,"status":"passed","title":"stores monthly and annual pricing on each tier"},{"ancestorTitles":["Stripe plan utilities"],"duration":2,"failing":false,"failureDetails":[],"failureMessages":[],"fullName":"Stripe plan utilities marks only professional+ as priority support","invocations":1,"location":null,"numPassingAsserts":5,"retryReasons":[],"startAt":1786560261128,"status":"passed","title":"marks only professional+ as priority support"}],"endTime":1786560261132,"message":"","name":"C:\\Users\\HomePC\\Desktop\\Qyra\\Backend\\tests\\stripe-plans.test.ts","startTime":1786560244672,"status":"passed","summary":""},{"assertionResults":[{"ancestorTitles":["Cheque customerRef support"],"duration":15,"failing":false,"failureDetails":[],"failureMessages":[],"fullName":"Cheque customerRef support includes CustomerRef in the QB payload when customerRef is provided","invocations":1,"location":null,"numPassingAsserts":1,"retryReasons":[],"startAt":1786560261212,"status":"passed","title":"includes CustomerRef in the QB payload when customerRef is provided"},{"ancestorTitles":["Cheque customerRef support"],"duration":7,"failing":false,"failureDetails":[],"failureMessages":[],"fullName":"Cheque customerRef support does not include CustomerRef when customerRef is not provided","invocations":1,"location":null,"numPassingAsserts":1,"retryReasons":[],"startAt":1786560261228,"status":"passed","title":"does not include CustomerRef when customerRef is not provided"},{"ancestorTitles":["Cheque customerRef support"],"duration":11,"failing":false,"failureDetails":[],"failureMessages":[],"fullName":"Cheque customerRef support retains customerRef through chequeSchema parsing","invocations":1,"location":null,"numPassingAsserts":1,"retryReasons":[],"startAt":1786560261235,"status":"passed","title":"retains customerRef through chequeSchema parsing"}],"endTime":1786560261249,"message":"","name":"C:\\Users\\HomePC\\Desktop\\Qyra\\Backend\\tests\\cheque-customer-ref.test.ts","startTime":1786560244672,"status":"passed","summary":""},{"assertionResults":[{"ancestorTitles":["global error middleware integration"],"duration":248,"failing":false,"failureDetails":[],"failureMessages":[],"fullName":"global error middleware integration returns 400 for AppError route","invocations":1,"location":null,"numPassingAsserts":2,"retryReasons":[],"startAt":1786560261212,"status":"passed","title":"returns 400 for AppError route"},{"ancestorTitles":["global error middleware integration"],"duration":27,"failing":false,"failureDetails":[],"failureMessages":[],"fullName":"global error middleware integration returns 500 for generic error route","invocations":1,"location":null,"numPassingAsserts":2,"retryReasons":[],"startAt":1786560261462,"status":"passed","title":"returns 500 for generic error route"},{"ancestorTitles":["global error middleware integration"],"duration":13,"failing":false,"failureDetails":[],"failureMessages":[],"fullName":"global error middleware integration returns 200 for successful route","invocations":1,"location":null,"numPassingAsserts":2,"retryReasons":[],"startAt":1786560261490,"status":"passed","title":"returns 200 for successful route"},{"ancestorTitles":["global error middleware integration"],"duration":19,"failing":false,"failureDetails":[],"failureMessages":[],"fullName":"global error middleware integration returns 404 for nonexistent routes","invocations":1,"location":null,"numPassingAsserts":1,"retryReasons":[],"startAt":1786560261503,"status":"passed","title":"returns 404 for nonexistent routes"}],"endTime":1786560261526,"message":"","name":"C:\\Users\\HomePC\\Desktop\\Qyra\\Backend\\tests\\error-handler-integration.test.ts","startTime":1786560244672,"status":"passed","summary":""},{"assertionResults":[{"ancestorTitles":["Stripe webhook route"],"duration":131,"failing":false,"failureDetails":[],"failureMessages":[],"fullName":"Stripe webhook route handles checkout.session.completed and updates the team subscription","invocations":1,"location":null,"numPassingAsserts":1,"retryReasons":[],"startAt":1786560261240,"status":"passed","title":"handles checkout.session.completed and updates the team subscription"},{"ancestorTitles":["Stripe webhook route"],"duration":22,"failing":false,"failureDetails":[],"failureMessages":[],"fullName":"Stripe webhook route skips checkout updates when team metadata is missing","invocations":1,"location":null,"numPassingAsserts":1,"retryReasons":[],"startAt":1786560261372,"status":"passed","title":"skips checkout updates when team metadata is missing"},{"ancestorTitles":["Stripe webhook route"],"duration":22,"failing":false,"failureDetails":[],"failureMessages":[],"fullName":"Stripe webhook route handles customer.subscription.updated and updates plan metadata for known price IDs","invocations":1,"location":null,"numPassingAsserts":1,"retryReasons":[],"startAt":1786560261398,"status":"passed","title":"handles customer.subscription.updated and updates plan metadata for known price IDs"},{"ancestorTitles":["Stripe webhook route"],"duration":21,"failing":false,"failureDetails":[],"failureMessages":[],"fullName":"Stripe webhook route handles customer.subscription.updated without a known price and does not set a plan","invocations":1,"location":null,"numPassingAsserts":3,"retryReasons":[],"startAt":1786560261420,"status":"passed","title":"handles customer.subscription.updated without a known price and does not set a plan"},{"ancestorTitles":["Stripe webhook route"],"duration":18,"failing":false,"failureDetails":[],"failureMessages":[],"fullName":"Stripe webhook route handles customer.subscription.deleted and clears stripe subscription data","invocations":1,"location":null,"numPassingAsserts":1,"retryReasons":[],"startAt":1786560261442,"status":"passed","title":"handles customer.subscription.deleted and clears stripe subscription data"},{"ancestorTitles":["Stripe webhook route"],"duration":17,"failing":false,"failureDetails":[],"failureMessages":[],"fullName":"Stripe webhook route handles invoice.payment_failed and marks the subscription with a payment issue","invocations":1,"location":null,"numPassingAsserts":1,"retryReasons":[],"startAt":1786560261460,"status":"passed","title":"handles invoice.payment_failed and marks the subscription with a payment issue"},{"ancestorTitles":["Stripe webhook route"],"duration":15,"failing":false,"failureDetails":[],"failureMessages":[],"fullName":"Stripe webhook route handles invoice.paid and refreshes subscription period and status","invocations":1,"location":null,"numPassingAsserts":2,"retryReasons":[],"startAt":1786560261477,"status":"passed","title":"handles invoice.paid and refreshes subscription period and status"},{"ancestorTitles":["Stripe webhook route"],"duration":102,"failing":false,"failureDetails":[],"failureMessages":[],"fullName":"Stripe webhook route returns 400 when the Stripe signature header is missing","invocations":1,"location":null,"numPassingAsserts":1,"retryReasons":[],"startAt":1786560261492,"status":"passed","title":"returns 400 when the Stripe signature header is missing"},{"ancestorTitles":["Stripe webhook route"],"duration":33,"failing":false,"failureDetails":[],"failureMessages":[],"fullName":"Stripe webhook route returns 400 when Stripe signature verification fails","invocations":1,"location":null,"numPassingAsserts":1,"retryReasons":[],"startAt":1786560261595,"status":"passed","title":"returns 400 when Stripe signature verification fails"}],"endTime":1786560261632,"message":"","name":"C:\\Users\\HomePC\\Desktop\\Qyra\\Backend\\tests\\webhooks.test.ts","startTime":1786560244671,"status":"passed","summary":""},{"assertionResults":[{"ancestorTitles":["AppError"],"duration":11,"failing":false,"failureDetails":[],"failureMessages":[],"fullName":"AppError sets message, default status, and name","invocations":1,"location":null,"numPassingAsserts":5,"retryReasons":[],"startAt":1786560261380,"status":"passed","title":"sets message, default status, and name"},{"ancestorTitles":["AppError"],"duration":2,"failing":false,"failureDetails":[],"failureMessages":[],"fullName":"AppError accepts a custom status code","invocations":1,"location":null,"numPassingAsserts":1,"retryReasons":[],"startAt":1786560261392,"status":"passed","title":"accepts a custom status code"},{"ancestorTitles":["ValidationError"],"duration":7,"failing":false,"failureDetails":[],"failureMessages":[],"fullName":"ValidationError wraps a ZodError with status 400 and field details","invocations":1,"location":null,"numPassingAsserts":5,"retryReasons":[],"startAt":1786560261394,"status":"passed","title":"wraps a ZodError with status 400 and field details"},{"ancestorTitles":["asyncHandler and createErrorHandler integration"],"duration":51,"failing":false,"failureDetails":[],"failureMessages":[],"fullName":"asyncHandler and createErrorHandler integration returns success from a normal async route","invocations":1,"location":null,"numPassingAsserts":2,"retryReasons":[],"startAt":1786560261408,"status":"passed","title":"returns success from a normal async route"},{"ancestorTitles":["asyncHandler and createErrorHandler integration"],"duration":127,"failing":false,"failureDetails":[],"failureMessages":[],"fullName":"asyncHandler and createErrorHandler integration passes AppError through createErrorHandler with correct status and body","invocations":1,"location":null,"numPassingAsserts":2,"retryReasons":[],"startAt":1786560261459,"status":"passed","title":"passes AppError through createErrorHandler with correct status and body"},{"ancestorTitles":["asyncHandler and createErrorHandler integration"],"duration":28,"failing":false,"failureDetails":[],"failureMessages":[],"fullName":"asyncHandler and createErrorHandler integration returns internal server error for generic Error","invocations":1,"location":null,"numPassingAsserts":2,"retryReasons":[],"startAt":1786560261587,"status":"passed","title":"returns internal server error for generic Error"},{"ancestorTitles":["asyncHandler and createErrorHandler integration"],"duration":23,"failing":false,"failureDetails":[],"failureMessages":[],"fullName":"asyncHandler and createErrorHandler integration handles rejected promises and passes them to next()","invocations":1,"location":null,"numPassingAsserts":2,"retryReasons":[],"startAt":1786560261615,"status":"passed","title":"handles rejected promises and passes them to next()"}],"endTime":1786560261643,"message":"","name":"C:\\Users\\HomePC\\Desktop\\Qyra\\Backend\\tests\\errors.test.ts","startTime":1786560244674,"status":"passed","summary":""},{"assertionResults":[{"ancestorTitles":["Value mappings K-1"],"duration":121,"failing":false,"failureDetails":[],"failureMessages":[],"fullName":"Value mappings K-1 creates a mapping with sourceField payee","invocations":1,"location":null,"numPassingAsserts":2,"retryReasons":[],"startAt":1786560261241,"status":"passed","title":"creates a mapping with sourceField payee"},{"ancestorTitles":["Value mappings K-1"],"duration":19,"failing":false,"failureDetails":[],"failureMessages":[],"fullName":"Value mappings K-1 normalizes empty string sourceField to null on create","invocations":1,"location":null,"numPassingAsserts":3,"retryReasons":[],"startAt":1786560261364,"status":"passed","title":"normalizes empty string sourceField to null on create"},{"ancestorTitles":["Value mappings K-1"],"duration":125,"failing":false,"failureDetails":[],"failureMessages":[],"fullName":"Value mappings K-1 returns 409 when a duplicate create exists with the same sourceField","invocations":1,"location":null,"numPassingAsserts":2,"retryReasons":[],"startAt":1786560261383,"status":"passed","title":"returns 409 when a duplicate create exists with the same sourceField"},{"ancestorTitles":["Value mappings K-1"],"duration":42,"failing":false,"failureDetails":[],"failureMessages":[],"fullName":"Value mappings K-1 returns 400 when POST sourceField is numeric","invocations":1,"location":null,"numPassingAsserts":2,"retryReasons":[],"startAt":1786560261509,"status":"passed","title":"returns 400 when POST sourceField is numeric"},{"ancestorTitles":["Value mappings K-1"],"duration":17,"failing":false,"failureDetails":[],"failureMessages":[],"fullName":"Value mappings K-1 creates a mapping with explicit null sourceField","invocations":1,"location":null,"numPassingAsserts":2,"retryReasons":[],"startAt":1786560261551,"status":"passed","title":"creates a mapping with explicit null sourceField"},{"ancestorTitles":["Value mappings K-1"],"duration":20,"failing":false,"failureDetails":[],"failureMessages":[],"fullName":"Value mappings K-1 allows mappings with same other keys but different sourceField","invocations":1,"location":null,"numPassingAsserts":2,"retryReasons":[],"startAt":1786560261568,"status":"passed","title":"allows mappings with same other keys but different sourceField"},{"ancestorTitles":["Value mappings K-1"],"duration":11,"failing":false,"failureDetails":[],"failureMessages":[],"fullName":"Value mappings K-1 updates sourceField on PUT","invocations":1,"location":null,"numPassingAsserts":2,"retryReasons":[],"startAt":1786560261588,"status":"passed","title":"updates sourceField on PUT"},{"ancestorTitles":["Value mappings K-1"],"duration":22,"failing":false,"failureDetails":[],"failureMessages":[],"fullName":"Value mappings K-1 keeps sourceField unchanged when omitted on PUT","invocations":1,"location":null,"numPassingAsserts":4,"retryReasons":[],"startAt":1786560261599,"status":"passed","title":"keeps sourceField unchanged when omitted on PUT"},{"ancestorTitles":["Value mappings K-1"],"duration":14,"failing":false,"failureDetails":[],"failureMessages":[],"fullName":"Value mappings K-1 clears sourceField to null on PUT","invocations":1,"location":null,"numPassingAsserts":3,"retryReasons":[],"startAt":1786560261622,"status":"passed","title":"clears sourceField to null on PUT"},{"ancestorTitles":["Value mappings K-1"],"duration":11,"failing":false,"failureDetails":[],"failureMessages":[],"fullName":"Value mappings K-1 does not return 409 when updating self with same values","invocations":1,"location":null,"numPassingAsserts":2,"retryReasons":[],"startAt":1786560261637,"status":"passed","title":"does not return 409 when updating self with same values"},{"ancestorTitles":["Value mappings K-1"],"duration":20,"failing":false,"failureDetails":[],"failureMessages":[],"fullName":"Value mappings K-1 returns 409 when a PUT update conflicts with another mapping","invocations":1,"location":null,"numPassingAsserts":2,"retryReasons":[],"startAt":1786560261649,"status":"passed","title":"returns 409 when a PUT update conflicts with another mapping"},{"ancestorTitles":["Value mappings K-1"],"duration":21,"failing":false,"failureDetails":[],"failureMessages":[],"fullName":"Value mappings K-1 returns 400 when PUT sourceField is object","invocations":1,"location":null,"numPassingAsserts":2,"retryReasons":[],"startAt":1786560261669,"status":"passed","title":"returns 400 when PUT sourceField is object"},{"ancestorTitles":["Value mappings K-1"],"duration":12,"failing":false,"failureDetails":[],"failureMessages":[],"fullName":"Value mappings K-1 returns sourceField in GET list response","invocations":1,"location":null,"numPassingAsserts":2,"retryReasons":[],"startAt":1786560261690,"status":"passed","title":"returns sourceField in GET list response"},{"ancestorTitles":["Value mappings K-1"],"duration":9,"failing":false,"failureDetails":[],"failureMessages":[],"fullName":"Value mappings K-1 returns updatedAt in GET list response","invocations":1,"location":null,"numPassingAsserts":2,"retryReasons":[],"startAt":1786560261703,"status":"passed","title":"returns updatedAt in GET list response"}],"endTime":1786560261715,"message":"","name":"C:\\Users\\HomePC\\Desktop\\Qyra\\Backend\\tests\\value-mappings-k1.test.ts","startTime":1786560244672,"status":"passed","summary":""},{"assertionResults":[{"ancestorTitles":["capacity middleware"],"duration":80,"failing":false,"failureDetails":[],"failureMessages":[],"fullName":"capacity middleware allows free/trial teams to bypass capacity checks","invocations":1,"location":null,"numPassingAsserts":0,"retryReasons":[],"startAt":1786560261572,"status":"passed","title":"allows free/trial teams to bypass capacity checks"},{"ancestorTitles":["capacity middleware"],"duration":15,"failing":false,"failureDetails":[],"failureMessages":[],"fullName":"capacity middleware allows partner-managed teams to bypass capacity checks","invocations":1,"location":null,"numPassingAsserts":0,"retryReasons":[],"startAt":1786560261654,"status":"passed","title":"allows partner-managed teams to bypass capacity checks"},{"ancestorTitles":["capacity middleware"],"duration":23,"failing":false,"failureDetails":[],"failureMessages":[],"fullName":"capacity middleware allows stripe teams without a configured plan to bypass limits","invocations":1,"location":null,"numPassingAsserts":0,"retryReasons":[],"startAt":1786560261669,"status":"passed","title":"allows stripe teams without a configured plan to bypass limits"},{"ancestorTitles":["capacity middleware"],"duration":20,"failing":false,"failureDetails":[],"failureMessages":[],"fullName":"capacity middleware blocks user creation when a stripe solo team is at max users","invocations":1,"location":null,"numPassingAsserts":1,"retryReasons":[],"startAt":1786560261692,"status":"passed","title":"blocks user creation when a stripe solo team is at max users"},{"ancestorTitles":["capacity middleware"],"duration":17,"failing":false,"failureDetails":[],"failureMessages":[],"fullName":"capacity middleware allows location creation for a solo team when under the location cap","invocations":1,"location":null,"numPassingAsserts":0,"retryReasons":[],"startAt":1786560261712,"status":"passed","title":"allows location creation for a solo team when under the location cap"},{"ancestorTitles":["capacity middleware"],"duration":15,"failing":false,"failureDetails":[],"failureMessages":[],"fullName":"capacity middleware blocks location creation for a solo team when the location cap is reached","invocations":1,"location":null,"numPassingAsserts":1,"retryReasons":[],"startAt":1786560261729,"status":"passed","title":"blocks location creation for a solo team when the location cap is reached"},{"ancestorTitles":["capacity middleware"],"duration":126,"failing":false,"failureDetails":[],"failureMessages":[],"fullName":"capacity middleware returns 404 when the team cannot be found","invocations":1,"location":null,"numPassingAsserts":1,"retryReasons":[],"startAt":1786560261744,"status":"passed","title":"returns 404 when the team cannot be found"}],"endTime":1786560261873,"message":"","name":"C:\\Users\\HomePC\\Desktop\\Qyra\\Backend\\tests\\capacity-middleware.test.ts","startTime":1786560244673,"status":"passed","summary":""},{"assertionResults":[{"ancestorTitles":["POST /quickbooks/sync-batch"],"duration":88,"failing":false,"failureDetails":[],"failureMessages":[],"fullName":"POST /quickbooks/sync-batch returns SYNCED status for a valid BILL item","invocations":1,"location":null,"numPassingAsserts":5,"retryReasons":[],"startAt":1786560262022,"status":"passed","title":"returns SYNCED status for a valid BILL item"},{"ancestorTitles":["POST /quickbooks/sync-batch"],"duration":237,"failing":false,"failureDetails":[],"failureMessages":[],"fullName":"POST /quickbooks/sync-batch syncs multiple items and returns results for each","invocations":1,"location":null,"numPassingAsserts":5,"retryReasons":[],"startAt":1786560262111,"status":"passed","title":"syncs multiple items and returns results for each"},{"ancestorTitles":["POST /quickbooks/sync-batch"],"duration":20,"failing":false,"failureDetails":[],"failureMessages":[],"fullName":"POST /quickbooks/sync-batch passes the correct userId to callQB","invocations":1,"location":null,"numPassingAsserts":1,"retryReasons":[],"startAt":1786560262349,"status":"passed","title":"passes the correct userId to callQB"},{"ancestorTitles":["POST /quickbooks/sync-batch"],"duration":21,"failing":false,"failureDetails":[],"failureMessages":[],"fullName":"POST /quickbooks/sync-batch passes memo and privateNote to qbService.createBill","invocations":1,"location":null,"numPassingAsserts":1,"retryReasons":[],"startAt":1786560262369,"status":"passed","title":"passes memo and privateNote to qbService.createBill"},{"ancestorTitles":["POST /quickbooks/sync-batch"],"duration":219,"failing":false,"failureDetails":[],"failureMessages":[],"fullName":"POST /quickbooks/sync-batch returns 400 when items is an empty array","invocations":1,"location":null,"numPassingAsserts":1,"retryReasons":[],"startAt":1786560262391,"status":"passed","title":"returns 400 when items is an empty array"},{"ancestorTitles":["POST /quickbooks/sync-batch"],"duration":14,"failing":false,"failureDetails":[],"failureMessages":[],"fullName":"POST /quickbooks/sync-batch returns FAILED status for an unsupported item type","invocations":1,"location":null,"numPassingAsserts":3,"retryReasons":[],"startAt":1786560262610,"status":"passed","title":"returns FAILED status for an unsupported item type"},{"ancestorTitles":["POST /quickbooks/sync-batch"],"duration":43,"failing":false,"failureDetails":[],"failureMessages":[],"fullName":"POST /quickbooks/sync-batch returns FAILED for non-admin user syncing non-APPROVED scan","invocations":1,"location":null,"numPassingAsserts":3,"retryReasons":[],"startAt":1786560262624,"status":"passed","title":"returns FAILED for non-admin user syncing non-APPROVED scan"}],"endTime":1786560262670,"message":"","name":"C:\\Users\\HomePC\\Desktop\\Qyra\\Backend\\tests\\sync-batch.test.ts","startTime":1786560244680,"status":"passed","summary":""},{"assertionResults":[{"ancestorTitles":["Cheque fixed-column Excel parser"],"duration":188,"failing":false,"failureDetails":[],"failureMessages":[],"fullName":"Cheque fixed-column Excel parser parses a valid 3-row cheque Excel file into 3 transactions","invocations":1,"location":null,"numPassingAsserts":9,"retryReasons":[],"startAt":1786560263345,"status":"passed","title":"parses a valid 3-row cheque Excel file into 3 transactions"},{"ancestorTitles":["Cheque fixed-column Excel parser"],"duration":51,"failing":false,"failureDetails":[],"failureMessages":[],"fullName":"Cheque fixed-column Excel parser returns 400 when the row count is not exactly 11 columns","invocations":1,"location":null,"numPassingAsserts":2,"retryReasons":[],"startAt":1786560263533,"status":"passed","title":"returns 400 when the row count is not exactly 11 columns"},{"ancestorTitles":["Cheque fixed-column Excel parser"],"duration":40,"failing":false,"failureDetails":[],"failureMessages":[],"fullName":"Cheque fixed-column Excel parser returns 400 when headers do not match expected names","invocations":1,"location":null,"numPassingAsserts":4,"retryReasons":[],"startAt":1786560263584,"status":"passed","title":"returns 400 when headers do not match expected names"},{"ancestorTitles":["Cheque fixed-column Excel parser"],"duration":36,"failing":false,"failureDetails":[],"failureMessages":[],"fullName":"Cheque fixed-column Excel parser returns 400 when only the header row is present","invocations":1,"location":null,"numPassingAsserts":2,"retryReasons":[],"startAt":1786560263624,"status":"passed","title":"returns 400 when only the header row is present"},{"ancestorTitles":["Cheque fixed-column Excel parser"],"duration":38,"failing":false,"failureDetails":[],"failureMessages":[],"fullName":"Cheque fixed-column Excel parser skips invalid amount rows and returns skippedRows count","invocations":1,"location":null,"numPassingAsserts":4,"retryReasons":[],"startAt":1786560263660,"status":"passed","title":"skips invalid amount rows and returns skippedRows count"},{"ancestorTitles":["Cheque fixed-column Excel parser"],"duration":31,"failing":false,"failureDetails":[],"failureMessages":[],"fullName":"Cheque fixed-column Excel parser accepts headers case-insensitively","invocations":1,"location":null,"numPassingAsserts":2,"retryReasons":[],"startAt":1786560263699,"status":"passed","title":"accepts headers case-insensitively"}],"endTime":1786560263733,"message":"","name":"C:\\Users\\HomePC\\Desktop\\Qyra\\Backend\\tests\\cheque-parser.test.ts","startTime":1786560244688,"status":"passed","summary":""}],"wasInterrupted":false}
